This file contains any messages produced by compilers while
running configure, to aid debugging if configure makes a mistake.

It was created by configure, which was
generated by GNU Autoconf 2.67.  Invocation command line was

  $ /home/runner/work/apache-ultimate-bad-bot-blocker/apache-ultimate-bad-bot-blocker/zlib-1.2.12/httpd-2.2.25/srclib/apr-util/configure --disable-option-checking --prefix=/usr/local/apache2 --enable-mods-shared=all --enable-deflate --enable-proxy --enable-proxy-balancer --enable-proxy-http --cache-file=/dev/null --srcdir=/home/runner/work/apache-ultimate-bad-bot-blocker/apache-ultimate-bad-bot-blocker/zlib-1.2.12/httpd-2.2.25/srclib/apr-util --with-apr=../apr --prefix=/usr/local/apache2 --exec-prefix=/usr/local/apache2 --libdir=${prefix}/lib --includedir=/usr/local/apache2/include --bindir=${prefix}/bin

## --------- ##
## Platform. ##
## --------- ##

hostname = fv-az489-1
uname -m = x86_64
uname -r = 5.15.0-1019-azure
uname -s = Linux
uname -v = #24~20.04.1-Ubuntu SMP Tue Aug 23 15:52:52 UTC 2022

/usr/bin/uname -p = x86_64
/bin/uname -X     = unknown

/bin/arch              = x86_64
/usr/bin/arch -k       = unknown
/usr/convex/getsysinfo = unknown
/usr/bin/hostinfo      = unknown
/bin/machine           = unknown
/usr/bin/oslevel       = unknown
/bin/universe          = unknown

PATH: /home/linuxbrew/.linuxbrew/bin
PATH: /home/linuxbrew/.linuxbrew/sbin
PATH: /home/runner/.local/bin
PATH: /opt/pipx_bin
PATH: /home/runner/.cargo/bin
PATH: /home/runner/.config/composer/vendor/bin
PATH: /usr/local/.ghcup/bin
PATH: /home/runner/.dotnet/tools
PATH: /snap/bin
PATH: /usr/local/sbin
PATH: /usr/local/bin
PATH: /usr/sbin
PATH: /usr/bin
PATH: /sbin
PATH: /bin
PATH: /usr/games
PATH: /usr/local/games
PATH: /snap/bin


## ----------- ##
## Core tests. ##
## ----------- ##

configure:2563: checking build system type
configure:2577: result: x86_64-unknown-linux-gnu
configure:2597: checking host system type
configure:2610: result: x86_64-unknown-linux-gnu
configure:2630: checking target system type
configure:2643: result: x86_64-unknown-linux-gnu
configure:2685: checking for a BSD-compatible install
configure:2753: result: /usr/bin/install -c
configure:2788: checking for working mkdir -p
configure:2804: result: yes
configure:2898: checking for chosen layout
configure:2900: result: apr-util
configure:3072: checking for gcc
configure:3088: found /usr/bin/gcc
configure:3099: result: gcc
configure:3328: checking for C compiler version
configure:3337: gcc --version >&5
gcc (Ubuntu 9.4.0-1ubuntu1~20.04.1) 9.4.0
Copyright (C) 2019 Free Software Foundation, Inc.
This is free software; see the source for copying conditions.  There is NO
warranty; not even for MERCHANTABILITY or FITNESS FOR A PARTICULAR PURPOSE.

configure:3348: $? = 0
configure:3337: gcc -v >&5
Using built-in specs.
COLLECT_GCC=gcc
COLLECT_LTO_WRAPPER=/usr/lib/gcc/x86_64-linux-gnu/9/lto-wrapper
OFFLOAD_TARGET_NAMES=nvptx-none:hsa
OFFLOAD_TARGET_DEFAULT=1
Target: x86_64-linux-gnu
Configured with: ../src/configure -v --with-pkgversion='Ubuntu 9.4.0-1ubuntu1~20.04.1' --with-bugurl=file:///usr/share/doc/gcc-9/README.Bugs --enable-languages=c,ada,c++,go,brig,d,fortran,objc,obj-c++,gm2 --prefix=/usr --with-gcc-major-version-only --program-suffix=-9 --program-prefix=x86_64-linux-gnu- --enable-shared --enable-linker-build-id --libexecdir=/usr/lib --without-included-gettext --enable-threads=posix --libdir=/usr/lib --enable-nls --enable-clocale=gnu --enable-libstdcxx-debug --enable-libstdcxx-time=yes --with-default-libstdcxx-abi=new --enable-gnu-unique-object --disable-vtable-verify --enable-plugin --enable-default-pie --with-system-zlib --with-target-system-zlib=auto --enable-objc-gc=auto --enable-multiarch --disable-werror --with-arch-32=i686 --with-abi=m64 --with-multilib-list=m32,m64,mx32 --enable-multilib --with-tune=generic --enable-offload-targets=nvptx-none=/build/gcc-9-Av3uEd/gcc-9-9.4.0/debian/tmp-nvptx/usr,hsa --without-cuda-driver --enable-checking=release --build=x86_64-linux-gnu --host=x86_64-linux-gnu --target=x86_64-linux-gnu
Thread model: posix
gcc version 9.4.0 (Ubuntu 9.4.0-1ubuntu1~20.04.1) 
configure:3348: $? = 0
configure:3337: gcc -V >&5
gcc: error: unrecognized command line option '-V'
gcc: fatal error: no input files
compilation terminated.
configure:3348: $? = 1
configure:3337: gcc -qversion >&5
gcc: error: unrecognized command line option '-qversion'; did you mean '--version'?
gcc: fatal error: no input files
compilation terminated.
configure:3348: $? = 1
configure:3368: checking whether the C compiler works
configure:3390: gcc    conftest.c  >&5
configure:3394: $? = 0
configure:3442: result: yes
configure:3445: checking for C compiler default output file name
configure:3447: result: a.out
configure:3453: checking for suffix of executables
configure:3460: gcc -o conftest    conftest.c  >&5
configure:3464: $? = 0
configure:3486: result: 
configure:3508: checking whether we are cross compiling
configure:3516: gcc -o conftest    conftest.c  >&5
configure:3520: $? = 0
configure:3527: ./conftest
configure:3531: $? = 0
configure:3519: result: no
configure:3524: checking for suffix of object files
configure:3546: gcc -c   conftest.c >&5
configure:3550: $? = 0
configure:3571: result: o
configure:3575: checking whether we are using the GNU C compiler
configure:3594: gcc -c   conftest.c >&5
configure:3594: $? = 0
configure:3603: result: yes
configure:3612: checking whether gcc accepts -g
configure:3632: gcc -c -g  conftest.c >&5
configure:3632: $? = 0
configure:3673: result: yes
configure:3690: checking for gcc option to accept ISO C89
configure:3754: gcc  -c -g -O2  conftest.c >&5
configure:3754: $? = 0
configure:3767: result: none needed
configure:3944: checking for APR
configure:4023: result: yes
configure:4279: checking how to run the C preprocessor
configure:4349: result: gcc -E
configure:4369: gcc -E  -DLINUX -D_REENTRANT -D_GNU_SOURCE conftest.c
configure:4369: $? = 0
configure:4383: gcc -E  -DLINUX -D_REENTRANT -D_GNU_SOURCE conftest.c
conftest.c:9:10: fatal error: ac_nonexistent.h: No such file or directory
    9 | #include <ac_nonexistent.h>
      |          ^~~~~~~~~~~~~~~~~~
compilation terminated.
configure:4383: $? = 1
configure: failed program was:
| /* confdefs.h */
| #define PACKAGE_NAME ""
| #define PACKAGE_TARNAME ""
| #define PACKAGE_VERSION ""
| #define PACKAGE_STRING ""
| #define PACKAGE_BUGREPORT ""
| #define PACKAGE_URL ""
| /* end confdefs.h.  */
| #include <ac_nonexistent.h>
configure:4412: checking for grep that handles long lines and -e
configure:4470: result: /usr/bin/grep
configure:4475: checking for egrep
configure:4537: result: /usr/bin/grep -E
configure:4542: checking for ANSI C header files
configure:4562: gcc -c -g -O2 -pthread  -DLINUX -D_REENTRANT -D_GNU_SOURCE conftest.c >&5
configure:4562: $? = 0
configure:4635: gcc -o conftest -g -O2 -pthread  -DLINUX -D_REENTRANT -D_GNU_SOURCE  conftest.c  >&5
configure:4635: $? = 0
configure:4635: ./conftest
configure:4635: $? = 0
configure:4646: result: yes
configure:4659: checking for sys/types.h
configure:4659: gcc -c -g -O2 -pthread  -DLINUX -D_REENTRANT -D_GNU_SOURCE conftest.c >&5
configure:4659: $? = 0
configure:4659: result: yes
configure:4659: checking for sys/stat.h
configure:4659: gcc -c -g -O2 -pthread  -DLINUX -D_REENTRANT -D_GNU_SOURCE conftest.c >&5
configure:4659: $? = 0
configure:4659: result: yes
configure:4659: checking for stdlib.h
configure:4659: gcc -c -g -O2 -pthread  -DLINUX -D_REENTRANT -D_GNU_SOURCE conftest.c >&5
configure:4659: $? = 0
configure:4659: result: yes
configure:4659: checking for string.h
configure:4659: gcc -c -g -O2 -pthread  -DLINUX -D_REENTRANT -D_GNU_SOURCE conftest.c >&5
configure:4659: $? = 0
configure:4659: result: yes
configure:4659: checking for memory.h
configure:4659: gcc -c -g -O2 -pthread  -DLINUX -D_REENTRANT -D_GNU_SOURCE conftest.c >&5
configure:4659: $? = 0
configure:4659: result: yes
configure:4659: checking for strings.h
configure:4659: gcc -c -g -O2 -pthread  -DLINUX -D_REENTRANT -D_GNU_SOURCE conftest.c >&5
configure:4659: $? = 0
configure:4659: result: yes
configure:4659: checking for inttypes.h
configure:4659: gcc -c -g -O2 -pthread  -DLINUX -D_REENTRANT -D_GNU_SOURCE conftest.c >&5
configure:4659: $? = 0
configure:4659: result: yes
configure:4659: checking for stdint.h
configure:4659: gcc -c -g -O2 -pthread  -DLINUX -D_REENTRANT -D_GNU_SOURCE conftest.c >&5
configure:4659: $? = 0
configure:4659: result: yes
configure:4659: checking for unistd.h
configure:4659: gcc -c -g -O2 -pthread  -DLINUX -D_REENTRANT -D_GNU_SOURCE conftest.c >&5
configure:4659: $? = 0
configure:4659: result: yes
configure:18515: checking for default DBM
configure:18517: result: sdbm (default)
configure:19367: checking for pg_config
configure:19385: found /usr/bin/pg_config
configure:19397: result: /usr/bin/pg_config
configure:19455: checking libpq-fe.h usability
configure:19455: gcc -c -g -O2 -pthread  -DLINUX -D_REENTRANT -D_GNU_SOURCE -I/usr/include/postgresql conftest.c >&5
configure:19455: $? = 0
configure:19455: result: yes
configure:19455: checking libpq-fe.h presence
configure:19455: gcc -E  -DLINUX -D_REENTRANT -D_GNU_SOURCE -I/usr/include/postgresql conftest.c
configure:19455: $? = 0
configure:19455: result: yes
configure:19455: checking for libpq-fe.h
configure:19455: result: yes
configure:19461: checking for PQsendQueryPrepared in -lpq
configure:19486: gcc -o conftest -g -O2 -pthread  -DLINUX -D_REENTRANT -D_GNU_SOURCE -I/usr/include/postgresql -L/usr/lib/x86_64-linux-gnu conftest.c -lpq   >&5
configure:19486: $? = 0
configure:19495: result: yes
configure:20473: checking sqlite3.h usability
configure:20473: gcc -c -g -O2 -pthread  -DLINUX -D_REENTRANT -D_GNU_SOURCE conftest.c >&5
configure:20473: $? = 0
configure:20473: result: yes
configure:20473: checking sqlite3.h presence
configure:20473: gcc -E  -DLINUX -D_REENTRANT -D_GNU_SOURCE conftest.c
configure:20473: $? = 0
configure:20473: result: yes
configure:20473: checking for sqlite3.h
configure:20473: result: yes
configure:20478: checking for sqlite3_open in -lsqlite3
configure:20503: gcc -o conftest -g -O2 -pthread  -DLINUX -D_REENTRANT -D_GNU_SOURCE  conftest.c -lsqlite3   >&5
configure:20503: $? = 0
configure:20512: result: yes
configure:20751: checking sqlite.h usability
configure:20751: gcc -c -g -O2 -pthread  -DLINUX -D_REENTRANT -D_GNU_SOURCE conftest.c >&5
conftest.c:54:10: fatal error: sqlite.h: No such file or directory
   54 | #include <sqlite.h>
      |          ^~~~~~~~~~
compilation terminated.
configure:20751: $? = 1
configure: failed program was:
| /* confdefs.h */
| #define PACKAGE_NAME ""
| #define PACKAGE_TARNAME ""
| #define PACKAGE_VERSION ""
| #define PACKAGE_STRING ""
| #define PACKAGE_BUGREPORT ""
| #define PACKAGE_URL ""
| #define STDC_HEADERS 1
| #define HAVE_SYS_TYPES_H 1
| #define HAVE_SYS_STAT_H 1
| #define HAVE_STDLIB_H 1
| #define HAVE_STRING_H 1
| #define HAVE_MEMORY_H 1
| #define HAVE_STRINGS_H 1
| #define HAVE_INTTYPES_H 1
| #define HAVE_STDINT_H 1
| #define HAVE_UNISTD_H 1
| #define HAVE_LIBPQ_FE_H 1
| #define HAVE_SQLITE3_H 1
| /* end confdefs.h.  */
| #include <stdio.h>
| #ifdef HAVE_SYS_TYPES_H
| # include <sys/types.h>
| #endif
| #ifdef HAVE_SYS_STAT_H
| # include <sys/stat.h>
| #endif
| #ifdef STDC_HEADERS
| # include <stdlib.h>
| # include <stddef.h>
| #else
| # ifdef HAVE_STDLIB_H
| #  include <stdlib.h>
| # endif
| #endif
| #ifdef HAVE_STRING_H
| # if !defined STDC_HEADERS && defined HAVE_MEMORY_H
| #  include <memory.h>
| # endif
| # include <string.h>
| #endif
| #ifdef HAVE_STRINGS_H
| # include <strings.h>
| #endif
| #ifdef HAVE_INTTYPES_H
| # include <inttypes.h>
| #endif
| #ifdef HAVE_STDINT_H
| # include <stdint.h>
| #endif
| #ifdef HAVE_UNISTD_H
| # include <unistd.h>
| #endif
| #include <sqlite.h>
configure:20751: result: no
configure:20751: checking sqlite.h presence
configure:20751: gcc -E  -DLINUX -D_REENTRANT -D_GNU_SOURCE conftest.c
conftest.c:21:10: fatal error: sqlite.h: No such file or directory
   21 | #include <sqlite.h>
      |          ^~~~~~~~~~
compilation terminated.
configure:20751: $? = 1
configure: failed program was:
| /* confdefs.h */
| #define PACKAGE_NAME ""
| #define PACKAGE_TARNAME ""
| #define PACKAGE_VERSION ""
| #define PACKAGE_STRING ""
| #define PACKAGE_BUGREPORT ""
| #define PACKAGE_URL ""
| #define STDC_HEADERS 1
| #define HAVE_SYS_TYPES_H 1
| #define HAVE_SYS_STAT_H 1
| #define HAVE_STDLIB_H 1
| #define HAVE_STRING_H 1
| #define HAVE_MEMORY_H 1
| #define HAVE_STRINGS_H 1
| #define HAVE_INTTYPES_H 1
| #define HAVE_STDINT_H 1
| #define HAVE_UNISTD_H 1
| #define HAVE_LIBPQ_FE_H 1
| #define HAVE_SQLITE3_H 1
| /* end confdefs.h.  */
| #include <sqlite.h>
configure:20751: result: no
configure:20751: checking for sqlite.h
configure:20751: result: no
configure:21765: checking sybdb.h usability
configure:21765: gcc -c -g -O2 -pthread  -DLINUX -D_REENTRANT -D_GNU_SOURCE conftest.c >&5
conftest.c:54:10: fatal error: sybdb.h: No such file or directory
   54 | #include <sybdb.h>
      |          ^~~~~~~~~
compilation terminated.
configure:21765: $? = 1
configure: failed program was:
| /* confdefs.h */
| #define PACKAGE_NAME ""
| #define PACKAGE_TARNAME ""
| #define PACKAGE_VERSION ""
| #define PACKAGE_STRING ""
| #define PACKAGE_BUGREPORT ""
| #define PACKAGE_URL ""
| #define STDC_HEADERS 1
| #define HAVE_SYS_TYPES_H 1
| #define HAVE_SYS_STAT_H 1
| #define HAVE_STDLIB_H 1
| #define HAVE_STRING_H 1
| #define HAVE_MEMORY_H 1
| #define HAVE_STRINGS_H 1
| #define HAVE_INTTYPES_H 1
| #define HAVE_STDINT_H 1
| #define HAVE_UNISTD_H 1
| #define HAVE_LIBPQ_FE_H 1
| #define HAVE_SQLITE3_H 1
| /* end confdefs.h.  */
| #include <stdio.h>
| #ifdef HAVE_SYS_TYPES_H
| # include <sys/types.h>
| #endif
| #ifdef HAVE_SYS_STAT_H
| # include <sys/stat.h>
| #endif
| #ifdef STDC_HEADERS
| # include <stdlib.h>
| # include <stddef.h>
| #else
| # ifdef HAVE_STDLIB_H
| #  include <stdlib.h>
| # endif
| #endif
| #ifdef HAVE_STRING_H
| # if !defined STDC_HEADERS && defined HAVE_MEMORY_H
| #  include <memory.h>
| # endif
| # include <string.h>
| #endif
| #ifdef HAVE_STRINGS_H
| # include <strings.h>
| #endif
| #ifdef HAVE_INTTYPES_H
| # include <inttypes.h>
| #endif
| #ifdef HAVE_STDINT_H
| # include <stdint.h>
| #endif
| #ifdef HAVE_UNISTD_H
| # include <unistd.h>
| #endif
| #include <sybdb.h>
configure:21765: result: no
configure:21765: checking sybdb.h presence
configure:21765: gcc -E  -DLINUX -D_REENTRANT -D_GNU_SOURCE conftest.c
conftest.c:21:10: fatal error: sybdb.h: No such file or directory
   21 | #include <sybdb.h>
      |          ^~~~~~~~~
compilation terminated.
configure:21765: $? = 1
configure: failed program was:
| /* confdefs.h */
| #define PACKAGE_NAME ""
| #define PACKAGE_TARNAME ""
| #define PACKAGE_VERSION ""
| #define PACKAGE_STRING ""
| #define PACKAGE_BUGREPORT ""
| #define PACKAGE_URL ""
| #define STDC_HEADERS 1
| #define HAVE_SYS_TYPES_H 1
| #define HAVE_SYS_STAT_H 1
| #define HAVE_STDLIB_H 1
| #define HAVE_STRING_H 1
| #define HAVE_MEMORY_H 1
| #define HAVE_STRINGS_H 1
| #define HAVE_INTTYPES_H 1
| #define HAVE_STDINT_H 1
| #define HAVE_UNISTD_H 1
| #define HAVE_LIBPQ_FE_H 1
| #define HAVE_SQLITE3_H 1
| /* end confdefs.h.  */
| #include <sybdb.h>
configure:21765: result: no
configure:21765: checking for sybdb.h
configure:21765: result: no
configure:21817: checking freetds/sybdb.h usability
configure:21817: gcc -c -g -O2 -pthread  -DLINUX -D_REENTRANT -D_GNU_SOURCE conftest.c >&5
conftest.c:54:10: fatal error: freetds/sybdb.h: No such file or directory
   54 | #include <freetds/sybdb.h>
      |          ^~~~~~~~~~~~~~~~~
compilation terminated.
configure:21817: $? = 1
configure: failed program was:
| /* confdefs.h */
| #define PACKAGE_NAME ""
| #define PACKAGE_TARNAME ""
| #define PACKAGE_VERSION ""
| #define PACKAGE_STRING ""
| #define PACKAGE_BUGREPORT ""
| #define PACKAGE_URL ""
| #define STDC_HEADERS 1
| #define HAVE_SYS_TYPES_H 1
| #define HAVE_SYS_STAT_H 1
| #define HAVE_STDLIB_H 1
| #define HAVE_STRING_H 1
| #define HAVE_MEMORY_H 1
| #define HAVE_STRINGS_H 1
| #define HAVE_INTTYPES_H 1
| #define HAVE_STDINT_H 1
| #define HAVE_UNISTD_H 1
| #define HAVE_LIBPQ_FE_H 1
| #define HAVE_SQLITE3_H 1
| /* end confdefs.h.  */
| #include <stdio.h>
| #ifdef HAVE_SYS_TYPES_H
| # include <sys/types.h>
| #endif
| #ifdef HAVE_SYS_STAT_H
| # include <sys/stat.h>
| #endif
| #ifdef STDC_HEADERS
| # include <stdlib.h>
| # include <stddef.h>
| #else
| # ifdef HAVE_STDLIB_H
| #  include <stdlib.h>
| # endif
| #endif
| #ifdef HAVE_STRING_H
| # if !defined STDC_HEADERS && defined HAVE_MEMORY_H
| #  include <memory.h>
| # endif
| # include <string.h>
| #endif
| #ifdef HAVE_STRINGS_H
| # include <strings.h>
| #endif
| #ifdef HAVE_INTTYPES_H
| # include <inttypes.h>
| #endif
| #ifdef HAVE_STDINT_H
| # include <stdint.h>
| #endif
| #ifdef HAVE_UNISTD_H
| # include <unistd.h>
| #endif
| #include <freetds/sybdb.h>
configure:21817: result: no
configure:21817: checking freetds/sybdb.h presence
configure:21817: gcc -E  -DLINUX -D_REENTRANT -D_GNU_SOURCE conftest.c
conftest.c:21:10: fatal error: freetds/sybdb.h: No such file or directory
   21 | #include <freetds/sybdb.h>
      |          ^~~~~~~~~~~~~~~~~
compilation terminated.
configure:21817: $? = 1
configure: failed program was:
| /* confdefs.h */
| #define PACKAGE_NAME ""
| #define PACKAGE_TARNAME ""
| #define PACKAGE_VERSION ""
| #define PACKAGE_STRING ""
| #define PACKAGE_BUGREPORT ""
| #define PACKAGE_URL ""
| #define STDC_HEADERS 1
| #define HAVE_SYS_TYPES_H 1
| #define HAVE_SYS_STAT_H 1
| #define HAVE_STDLIB_H 1
| #define HAVE_STRING_H 1
| #define HAVE_MEMORY_H 1
| #define HAVE_STRINGS_H 1
| #define HAVE_INTTYPES_H 1
| #define HAVE_STDINT_H 1
| #define HAVE_UNISTD_H 1
| #define HAVE_LIBPQ_FE_H 1
| #define HAVE_SQLITE3_H 1
| /* end confdefs.h.  */
| #include <freetds/sybdb.h>
configure:21817: result: no
configure:21817: checking for freetds/sybdb.h
configure:21817: result: no
configure:22408: checking for odbc_config
configure:22441: result: no
configure:22518: checking sql.h usability
configure:22518: gcc -c -g -O2 -pthread  -DLINUX -D_REENTRANT -D_GNU_SOURCE conftest.c >&5
configure:22518: $? = 0
configure:22518: result: yes
configure:22518: checking sql.h presence
configure:22518: gcc -E  -DLINUX -D_REENTRANT -D_GNU_SOURCE conftest.c
configure:22518: $? = 0
configure:22518: result: yes
configure:22518: checking for sql.h
configure:22518: result: yes
configure:22523: checking for SQLAllocHandle in -lodbc
configure:22548: gcc -o conftest -g -O2 -pthread  -DLINUX -D_REENTRANT -D_GNU_SOURCE  conftest.c -lodbc   >&5
configure:22548: $? = 0
configure:22557: result: yes
configure:22806: checking Expat 1.95.x
configure:22826: gcc -o conftest -g -O2 -pthread  -DLINUX -D_REENTRANT -D_GNU_SOURCE  conftest.c  -lexpat >&5
configure:22826: $? = 0
configure:22836: result: yes
configure:23516: checking iconv.h usability
configure:23516: gcc -c -g -O2 -pthread  -DLINUX -D_REENTRANT -D_GNU_SOURCE conftest.c >&5
configure:23516: $? = 0
configure:23516: result: yes
configure:23516: checking iconv.h presence
configure:23516: gcc -E  -DLINUX -D_REENTRANT -D_GNU_SOURCE conftest.c
configure:23516: $? = 0
configure:23516: result: yes
configure:23516: checking for iconv.h
configure:23516: result: yes
configure:23537: gcc -o conftest -g -O2 -pthread  -DLINUX -D_REENTRANT -D_GNU_SOURCE  conftest.c  >&5
configure:23537: $? = 0
configure:23760: checking for type of inbuf parameter to iconv
configure:23783: gcc -c -g -O2 -pthread  -Werror  -DLINUX -D_REENTRANT -D_GNU_SOURCE conftest.c >&5
configure:23783: $? = 0
configure:23800: result: char **
configure:23809: checking for iconv.h
configure:23809: result: yes
configure:23809: checking langinfo.h usability
configure:23809: gcc -c -g -O2 -pthread  -DLINUX -D_REENTRANT -D_GNU_SOURCE conftest.c >&5
configure:23809: $? = 0
configure:23809: result: yes
configure:23809: checking langinfo.h presence
configure:23809: gcc -E  -DLINUX -D_REENTRANT -D_GNU_SOURCE conftest.c
configure:23809: $? = 0
configure:23809: result: yes
configure:23809: checking for langinfo.h
configure:23809: result: yes
configure:23833: checking for nl_langinfo
configure:23833: gcc -o conftest -g -O2 -pthread  -DLINUX -D_REENTRANT -D_GNU_SOURCE  conftest.c  >&5
configure:23833: $? = 0
configure:23833: result: yes
configure:23853: checking for CODESET in langinfo.h
configure:23878: result: yes
configure:23902: checking whether APR has DSO support
configure:23927: result: yes
configure:24012: checking for library containing crypt
configure:24043: gcc -o conftest -g -O2 -pthread  -DLINUX -D_REENTRANT -D_GNU_SOURCE  conftest.c  >&5
/usr/bin/ld: /tmp/ccERo09i.o: in function `main':
/home/runner/work/apache-ultimate-bad-bot-blocker/apache-ultimate-bad-bot-blocker/zlib-1.2.12/httpd-2.2.25/srclib/apr-util/conftest.c:39: undefined reference to `crypt'
collect2: error: ld returned 1 exit status
configure:24043: $? = 1
configure: failed program was:
| /* confdefs.h */
| #define PACKAGE_NAME ""
| #define PACKAGE_TARNAME ""
| #define PACKAGE_VERSION ""
| #define PACKAGE_STRING ""
| #define PACKAGE_BUGREPORT ""
| #define PACKAGE_URL ""
| #define STDC_HEADERS 1
| #define HAVE_SYS_TYPES_H 1
| #define HAVE_SYS_STAT_H 1
| #define HAVE_STDLIB_H 1
| #define HAVE_STRING_H 1
| #define HAVE_MEMORY_H 1
| #define HAVE_STRINGS_H 1
| #define HAVE_INTTYPES_H 1
| #define HAVE_STDINT_H 1
| #define HAVE_UNISTD_H 1
| #define HAVE_LIBPQ_FE_H 1
| #define HAVE_SQLITE3_H 1
| #define HAVE_SQL_H 1
| #define HAVE_EXPAT_H 1
| #define HAVE_ICONV_H 1
| #define HAVE_LANGINFO_H 1
| #define HAVE_NL_LANGINFO 1
| #define HAVE_CODESET 1
| #define APU_DSO_BUILD 1
| /* end confdefs.h.  */
| 
| /* Override any GCC internal prototype to avoid an error.
|    Use char because int might match the return type of a GCC
|    builtin and then its argument prototype would still apply.  */
| #ifdef __cplusplus
| extern "C"
| #endif
| char crypt ();
| int
| main ()
| {
| return crypt ();
|   ;
|   return 0;
| }
configure:24043: gcc -o conftest -g -O2 -pthread  -DLINUX -D_REENTRANT -D_GNU_SOURCE  conftest.c -lcrypt   >&5
configure:24043: $? = 0
configure:24060: result: -lcrypt
configure:24068: checking if system crypt() function is threadsafe
configure:24078: result: no
configure:24083: checking for crypt_r
configure:24083: gcc -o conftest -g -O2 -pthread  -DLINUX -D_REENTRANT -D_GNU_SOURCE  conftest.c -lcrypt  >&5
configure:24083: $? = 0
configure:24083: result: yes
configure:24097: checking style of crypt_r
configure:24114: gcc -c -g -O2 -pthread  -DLINUX -D_REENTRANT -D_GNU_SOURCE conftest.c >&5
conftest.c: In function 'main':
conftest.c:33:1: error: unknown type name 'CRYPTD'
   33 | CRYPTD buffer;
      | ^~~~~~
conftest.c:34:29: warning: passing argument 3 of 'crypt_r' from incompatible pointer type [-Wincompatible-pointer-types]
   34 |   crypt_r("passwd", "hash", &buffer);
      |                             ^~~~~~~
      |                             |
      |                             int *
In file included from conftest.c:29:
/usr/include/crypt.h:116:14: note: expected 'struct crypt_data * restrict' but argument is of type 'int *'
  116 | extern char *crypt_r (const char *__phrase, const char *__setting,
      |              ^~~~~~~
configure:24114: $? = 1
configure: failed program was:
| /* confdefs.h */
| #define PACKAGE_NAME ""
| #define PACKAGE_TARNAME ""
| #define PACKAGE_VERSION ""
| #define PACKAGE_STRING ""
| #define PACKAGE_BUGREPORT ""
| #define PACKAGE_URL ""
| #define STDC_HEADERS 1
| #define HAVE_SYS_TYPES_H 1
| #define HAVE_SYS_STAT_H 1
| #define HAVE_STDLIB_H 1
| #define HAVE_STRING_H 1
| #define HAVE_MEMORY_H 1
| #define HAVE_STRINGS_H 1
| #define HAVE_INTTYPES_H 1
| #define HAVE_STDINT_H 1
| #define HAVE_UNISTD_H 1
| #define HAVE_LIBPQ_FE_H 1
| #define HAVE_SQLITE3_H 1
| #define HAVE_SQL_H 1
| #define HAVE_EXPAT_H 1
| #define HAVE_ICONV_H 1
| #define HAVE_LANGINFO_H 1
| #define HAVE_NL_LANGINFO 1
| #define HAVE_CODESET 1
| #define APU_DSO_BUILD 1
| #define HAVE_CRYPT_R 1
| /* end confdefs.h.  */
| #include <crypt.h>
| int
| main ()
| {
| CRYPTD buffer;
|   crypt_r("passwd", "hash", &buffer);
|   ;
|   return 0;
| }
configure:24129: gcc -c -g -O2 -pthread  -DLINUX -D_REENTRANT -D_GNU_SOURCE conftest.c >&5
configure:24129: $? = 0
configure:24138: result: struct_crypt_data
configure:24362: creating ./config.status

## ---------------------- ##
## Running config.status. ##
## ---------------------- ##

This file was extended by config.status, which was
generated by GNU Autoconf 2.67.  Invocation command line was

  CONFIG_FILES    = 
  CONFIG_HEADERS  = 
  CONFIG_LINKS    = 
  CONFIG_COMMANDS = 
  $ ./config.status 

on fv-az489-1

config.status:944: creating Makefile
config.status:944: creating export_vars.sh
config.status:944: creating build/pkg/pkginfo
config.status:944: creating apr-util.pc
config.status:944: creating apu-1-config
config.status:944: creating include/private/apu_select_dbm.h
config.status:944: creating include/apr_ldap.h
config.status:944: creating include/apu.h
config.status:944: creating include/apu_want.h
config.status:944: creating test/Makefile
config.status:944: creating include/private/apu_config.h
config.status:1118: include/private/apu_config.h is unchanged
config.status:1132: executing default commands

## ---------------- ##
## Cache variables. ##
## ---------------- ##

ac_cv_build=x86_64-unknown-linux-gnu
ac_cv_c_compiler_gnu=yes
ac_cv_define_CODESET=yes
ac_cv_env_CC_set=
ac_cv_env_CC_value=
ac_cv_env_CFLAGS_set=
ac_cv_env_CFLAGS_value=
ac_cv_env_CPPFLAGS_set=
ac_cv_env_CPPFLAGS_value=
ac_cv_env_CPP_set=
ac_cv_env_CPP_value=
ac_cv_env_LDFLAGS_set=
ac_cv_env_LDFLAGS_value=
ac_cv_env_LIBS_set=
ac_cv_env_LIBS_value=
ac_cv_env_build_alias_set=
ac_cv_env_build_alias_value=
ac_cv_env_host_alias_set=
ac_cv_env_host_alias_value=
ac_cv_env_target_alias_set=
ac_cv_env_target_alias_value=
ac_cv_func_crypt_r=yes
ac_cv_func_nl_langinfo=yes
ac_cv_header_freetds_sybdb_h=no
ac_cv_header_iconv_h=yes
ac_cv_header_inttypes_h=yes
ac_cv_header_langinfo_h=yes
ac_cv_header_libpq_fe_h=yes
ac_cv_header_memory_h=yes
ac_cv_header_sql_h=yes
ac_cv_header_sqlite3_h=yes
ac_cv_header_sqlite_h=no
ac_cv_header_stdc=yes
ac_cv_header_stdint_h=yes
ac_cv_header_stdlib_h=yes
ac_cv_header_string_h=yes
ac_cv_header_strings_h=yes
ac_cv_header_sybdb_h=no
ac_cv_header_sys_stat_h=yes
ac_cv_header_sys_types_h=yes
ac_cv_header_unistd_h=yes
ac_cv_host=x86_64-unknown-linux-gnu
ac_cv_lib_odbc_SQLAllocHandle=yes
ac_cv_lib_pq_PQsendQueryPrepared=yes
ac_cv_lib_sqlite3_sqlite3_open=yes
ac_cv_mkdir_p=yes
ac_cv_objext=o
ac_cv_path_EGREP='/usr/bin/grep -E'
ac_cv_path_GREP=/usr/bin/grep
ac_cv_path_PGSQL_CONFIG=/usr/bin/pg_config
ac_cv_path_install='/usr/bin/install -c'
ac_cv_prog_CPP='gcc -E'
ac_cv_prog_ac_ct_CC=gcc
ac_cv_prog_cc_c89=
ac_cv_prog_cc_g=yes
ac_cv_search_crypt=-lcrypt
ac_cv_target=x86_64-unknown-linux-gnu
apr_cv_crypt_r_style=struct_crypt_data
apu_cv_aprdso=yes
apu_cv_expat_system=yes

## ----------------- ##
## Output variables. ##
## ----------------- ##

APRUTIL_DOTTED_VERSION='1.5.2'
APRUTIL_EXPORT_LIBS='-lexpat'
APRUTIL_INCLUDES=''
APRUTIL_LDFLAGS=''
APRUTIL_LIBNAME='aprutil-${APRUTIL_MAJOR_VERSION}'
APRUTIL_LIBS='-lexpat /home/runner/work/apache-ultimate-bad-bot-blocker/apache-ultimate-bad-bot-blocker/zlib-1.2.12/httpd-2.2.25/srclib/apr/libapr-1.la -luuid -lrt -lcrypt -lpthread -ldl'
APRUTIL_MAJOR_VERSION='1'
APRUTIL_PRIV_INCLUDES='-I/home/runner/work/apache-ultimate-bad-bot-blocker/apache-ultimate-bad-bot-blocker/zlib-1.2.12/httpd-2.2.25/srclib/apr-util/include -I/home/runner/work/apache-ultimate-bad-bot-blocker/apache-ultimate-bad-bot-blocker/zlib-1.2.12/httpd-2.2.25/srclib/apr-util/include/private -I/usr/include/postgresql'
APR_BUILD_DIR='/home/runner/work/apache-ultimate-bad-bot-blocker/apache-ultimate-bad-bot-blocker/zlib-1.2.12/httpd-2.2.25/srclib/apr/build'
APR_ICONV_DIR=''
APR_INCLUDES=' -I/home/runner/work/apache-ultimate-bad-bot-blocker/apache-ultimate-bad-bot-blocker/zlib-1.2.12/httpd-2.2.25/srclib/apr/include '
APR_LIBS=' /home/runner/work/apache-ultimate-bad-bot-blocker/apache-ultimate-bad-bot-blocker/zlib-1.2.12/httpd-2.2.25/srclib/apr/libapr-1.la -luuid -lrt -lcrypt  -lpthread -ldl'
APR_XML_DIR=''
APU_CONFIG_LOCATION='source'
APU_DSO_LIBDIR='${libdir}/apr-util-1'
APU_HAVE_MODULES='yes'
APU_LTVERSION='-version-info 5:2:5'
APU_MODULES='  dbd/apr_dbd_pgsql.la dbd/apr_dbd_sqlite3.la dbd/apr_dbd_odbc.la'
CC='gcc'
CFLAGS='-g -O2 -pthread'
CPP='gcc -E'
CPPFLAGS=' -DLINUX -D_REENTRANT -D_GNU_SOURCE'
DEFS='-DHAVE_CONFIG_H'
ECHO_C=''
ECHO_N='-n'
ECHO_T=''
EGREP='/usr/bin/grep -E'
EXEEXT=''
EXTRA_OBJECTS=''
GREP='/usr/bin/grep'
INCLUDE_OUTPUTS='include /home/runner/work/apache-ultimate-bad-bot-blocker/apache-ultimate-bad-bot-blocker/zlib-1.2.12/httpd-2.2.25/srclib/apr-util/build-outputs.mk'
INCLUDE_RULES='include /home/runner/work/apache-ultimate-bad-bot-blocker/apache-ultimate-bad-bot-blocker/zlib-1.2.12/httpd-2.2.25/srclib/apr-util/build/rules.mk'
INSTALL_DATA='${INSTALL} -m 644'
INSTALL_PROGRAM='${INSTALL}'
INSTALL_SCRIPT='${INSTALL}'
LDADD_crypto_nss=''
LDADD_crypto_openssl=''
LDADD_dbd_freetds=''
LDADD_dbd_mysql=''
LDADD_dbd_odbc=' -lodbc '
LDADD_dbd_oracle=''
LDADD_dbd_pgsql='-L/usr/lib/x86_64-linux-gnu -lpq '
LDADD_dbd_sqlite2=''
LDADD_dbd_sqlite3=' -lsqlite3'
LDADD_dbm_db=''
LDADD_dbm_gdbm=''
LDADD_dbm_ndbm=''
LDADD_ldap=''
LDFLAGS=''
LIBOBJS=''
LIBS='-lcrypt '
LTLIBOBJS=''
LT_NO_INSTALL='-no-install'
MYSQL_CONFIG=''
OBJEXT='o'
ODBC_CONFIG=''
PACKAGE_BUGREPORT=''
PACKAGE_NAME=''
PACKAGE_STRING=''
PACKAGE_TARNAME=''
PACKAGE_URL=''
PACKAGE_VERSION=''
PATH_SEPARATOR=':'
PGSQL_CONFIG='/usr/bin/pg_config'
PKG_CONFIG=''
SHELL='/bin/bash'
abs_builddir='/home/runner/work/apache-ultimate-bad-bot-blocker/apache-ultimate-bad-bot-blocker/zlib-1.2.12/httpd-2.2.25/srclib/apr-util'
abs_srcdir='/home/runner/work/apache-ultimate-bad-bot-blocker/apache-ultimate-bad-bot-blocker/zlib-1.2.12/httpd-2.2.25/srclib/apr-util'
ac_ct_CC='gcc'
apr_shlibpath_var='LD_LIBRARY_PATH'
apu_db_header='db.h'
apu_db_version='0'
apu_dbd_tests=' pgsql sqlite3 odbc'
apu_has_ldap='0'
apu_has_ldap_microsoft='0'
apu_has_ldap_mozilla='0'
apu_has_ldap_netscape='0'
apu_has_ldap_novell='0'
apu_has_ldap_openldap='0'
apu_has_ldap_other='0'
apu_has_ldap_solaris='0'
apu_has_ldap_sslinit='0'
apu_has_ldap_start_tls_s='0'
apu_has_ldap_tivoli='0'
apu_has_ldap_zos='0'
apu_has_ldapssl_add_trusted_cert='0'
apu_has_ldapssl_client_deinit='0'
apu_has_ldapssl_client_init='0'
apu_has_ldapssl_init='0'
apu_has_ldapssl_install_routines='0'
apu_have_crypto='0'
apu_have_db='0'
apu_have_freetds='0'
apu_have_gdbm='0'
apu_have_mysql='0'
apu_have_ndbm='0'
apu_have_nss='0'
apu_have_odbc='1'
apu_have_openssl='0'
apu_have_oracle='0'
apu_have_pgsql='1'
apu_have_sdbm='1'
apu_have_sqlite2='0'
apu_have_sqlite3='1'
apu_use_db='0'
apu_use_gdbm='0'
apu_use_ndbm='0'
apu_use_sdbm='1'
bindir='${prefix}/bin'
build='x86_64-unknown-linux-gnu'
build_alias=''
build_cpu='x86_64'
build_os='linux-gnu'
build_vendor='unknown'
datadir='${prefix}'
datarootdir='${prefix}/share'
docdir='${datarootdir}/doc/${PACKAGE}'
dvidir='${docdir}'
exec_prefix='/usr/local/apache2'
have_apr_iconv='0'
have_iconv='1'
host='x86_64-unknown-linux-gnu'
host_alias=''
host_cpu='x86_64'
host_os='linux-gnu'
host_vendor='unknown'
htmldir='${docdir}'
includedir='/usr/local/apache2/include'
infodir='${datarootdir}/info'
lber_h=''
ldap_h=''
ldap_ssl_h=''
lib_target='-rpath $(libdir) $(OBJECTS)'
libdir='${prefix}/lib'
libexecdir='${exec_prefix}/modules'
localedir='${datarootdir}/locale'
localstatedir='${prefix}'
mandir='${prefix}/man'
oldincludedir='/usr/include'
pdfdir='${docdir}'
prefix='/usr/local/apache2'
program_transform_name='s,x,x,'
psdir='${docdir}'
sbindir='${exec_prefix}/bin'
sharedstatedir='${prefix}/com'
so_ext='lo'
sysconfdir='${prefix}/conf'
target='x86_64-unknown-linux-gnu'
target_alias=''
target_cpu='x86_64'
target_os='linux-gnu'
target_vendor='unknown'
top_builddir='/home/runner/work/apache-ultimate-bad-bot-blocker/apache-ultimate-bad-bot-blocker/zlib-1.2.12/httpd-2.2.25/srclib/apr-util'

## ----------- ##
## confdefs.h. ##
## ----------- ##

/* confdefs.h */
#define PACKAGE_NAME ""
#define PACKAGE_TARNAME ""
#define PACKAGE_VERSION ""
#define PACKAGE_STRING ""
#define PACKAGE_BUGREPORT ""
#define PACKAGE_URL ""
#define STDC_HEADERS 1
#define HAVE_SYS_TYPES_H 1
#define HAVE_SYS_STAT_H 1
#define HAVE_STDLIB_H 1
#define HAVE_STRING_H 1
#define HAVE_MEMORY_H 1
#define HAVE_STRINGS_H 1
#define HAVE_INTTYPES_H 1
#define HAVE_STDINT_H 1
#define HAVE_UNISTD_H 1
#define HAVE_LIBPQ_FE_H 1
#define HAVE_SQLITE3_H 1
#define HAVE_SQL_H 1
#define HAVE_EXPAT_H 1
#define HAVE_ICONV_H 1
#define HAVE_LANGINFO_H 1
#define HAVE_NL_LANGINFO 1
#define HAVE_CODESET 1
#define APU_DSO_BUILD 1
#define HAVE_CRYPT_R 1
#define CRYPT_R_STRUCT_CRYPT_DATA 1
#define APU_DSO_LIBDIR "/usr/local/apache2/lib/apr-util-1"

configure: exit 0
