This file contains any messages produced by compilers while
running configure, to aid debugging if configure makes a mistake.

It was created by configure, which was
generated by GNU Autoconf 2.67.  Invocation command line was

  $ ./configure --prefix=/usr/local/apache2 --enable-mods-shared=all --enable-deflate --enable-proxy --enable-proxy-balancer --enable-proxy-http

## --------- ##
## Platform. ##
## --------- ##

hostname = fv-az593-855
uname -m = x86_64
uname -r = 5.15.0-1039-azure
uname -s = Linux
uname -v = #46-Ubuntu SMP Mon May 22 15:18:07 UTC 2023

/usr/bin/uname -p = x86_64
/bin/uname -X     = unknown

/bin/arch              = x86_64
/usr/bin/arch -k       = unknown
/usr/convex/getsysinfo = unknown
/usr/bin/hostinfo      = unknown
/bin/machine           = unknown
/usr/bin/oslevel       = unknown
/bin/universe          = unknown

PATH: /home/runner/.local/bin
PATH: /opt/pipx_bin
PATH: /home/runner/.cargo/bin
PATH: /home/runner/.config/composer/vendor/bin
PATH: /usr/local/.ghcup/bin
PATH: /home/runner/.dotnet/tools
PATH: /snap/bin
PATH: /usr/local/sbin
PATH: /usr/local/bin
PATH: /usr/sbin
PATH: /usr/bin
PATH: /sbin
PATH: /bin
PATH: /usr/games
PATH: /usr/local/games
PATH: /snap/bin


## ----------- ##
## Core tests. ##
## ----------- ##

configure:2793: checking for chosen layout
configure:2795: result: Apache
configure:3598: checking for working mkdir -p
configure:3614: result: yes
configure:3629: checking build system type
configure:3643: result: x86_64-unknown-linux-gnu
configure:3663: checking host system type
configure:3676: result: x86_64-unknown-linux-gnu
configure:3696: checking target system type
configure:3709: result: x86_64-unknown-linux-gnu
configure:3780: checking for APR
configure:3859: result: reconfig
configure:4041: checking for APR-util
configure:4120: result: reconfig
configure:4271: checking for gcc
configure:4298: result: gcc
configure:4527: checking for C compiler version
configure:4536: gcc --version >&5
gcc (Ubuntu 11.3.0-1ubuntu1~22.04.1) 11.3.0
Copyright (C) 2021 Free Software Foundation, Inc.
This is free software; see the source for copying conditions.  There is NO
warranty; not even for MERCHANTABILITY or FITNESS FOR A PARTICULAR PURPOSE.

configure:4547: $? = 0
configure:4536: gcc -v >&5
Using built-in specs.
COLLECT_GCC=gcc
COLLECT_LTO_WRAPPER=/usr/lib/gcc/x86_64-linux-gnu/11/lto-wrapper
OFFLOAD_TARGET_NAMES=nvptx-none:amdgcn-amdhsa
OFFLOAD_TARGET_DEFAULT=1
Target: x86_64-linux-gnu
Configured with: ../src/configure -v --with-pkgversion='Ubuntu 11.3.0-1ubuntu1~22.04.1' --with-bugurl=file:///usr/share/doc/gcc-11/README.Bugs --enable-languages=c,ada,c++,go,brig,d,fortran,objc,obj-c++,m2 --prefix=/usr --with-gcc-major-version-only --program-suffix=-11 --program-prefix=x86_64-linux-gnu- --enable-shared --enable-linker-build-id --libexecdir=/usr/lib --without-included-gettext --enable-threads=posix --libdir=/usr/lib --enable-nls --enable-bootstrap --enable-clocale=gnu --enable-libstdcxx-debug --enable-libstdcxx-time=yes --with-default-libstdcxx-abi=new --enable-gnu-unique-object --disable-vtable-verify --enable-plugin --enable-default-pie --with-system-zlib --enable-libphobos-checking=release --with-target-system-zlib=auto --enable-objc-gc=auto --enable-multiarch --disable-werror --enable-cet --with-arch-32=i686 --with-abi=m64 --with-multilib-list=m32,m64,mx32 --enable-multilib --with-tune=generic --enable-offload-targets=nvptx-none=/build/gcc-11-aYxV0E/gcc-11-11.3.0/debian/tmp-nvptx/usr,amdgcn-amdhsa=/build/gcc-11-aYxV0E/gcc-11-11.3.0/debian/tmp-gcn/usr --without-cuda-driver --enable-checking=release --build=x86_64-linux-gnu --host=x86_64-linux-gnu --target=x86_64-linux-gnu --with-build-config=bootstrap-lto-lean --enable-link-serialization=2
Thread model: posix
Supported LTO compression algorithms: zlib zstd
gcc version 11.3.0 (Ubuntu 11.3.0-1ubuntu1~22.04.1) 
... rest of stderr output deleted ...
configure:4547: $? = 0
configure:4536: gcc -V >&5
gcc: error: unrecognized command-line option '-V'
gcc: fatal error: no input files
compilation terminated.
configure:4547: $? = 1
configure:4536: gcc -qversion >&5
gcc: error: unrecognized command-line option '-qversion'; did you mean '--version'?
gcc: fatal error: no input files
compilation terminated.
configure:4547: $? = 1
configure:4567: checking whether the C compiler works
configure:4589: gcc  -g -O2  -DLINUX -D_REENTRANT -D_GNU_SOURCE   conftest.c  >&5
configure:4593: $? = 0
configure:4641: result: yes
configure:4644: checking for C compiler default output file name
configure:4646: result: a.out
configure:4652: checking for suffix of executables
configure:4659: gcc -o conftest  -g -O2  -DLINUX -D_REENTRANT -D_GNU_SOURCE   conftest.c  >&5
configure:4663: $? = 0
configure:4685: result: 
configure:4707: checking whether we are cross compiling
configure:4715: gcc -o conftest  -g -O2  -DLINUX -D_REENTRANT -D_GNU_SOURCE   conftest.c  >&5
configure:4719: $? = 0
configure:4726: ./conftest
configure:4730: $? = 0
configure:4745: result: no
configure:4750: checking for suffix of object files
configure:4772: gcc -c  -g -O2  -DLINUX -D_REENTRANT -D_GNU_SOURCE conftest.c >&5
configure:4776: $? = 0
configure:4797: result: o
configure:4801: checking whether we are using the GNU C compiler
configure:4820: gcc -c  -g -O2  -DLINUX -D_REENTRANT -D_GNU_SOURCE conftest.c >&5
configure:4820: $? = 0
configure:4829: result: yes
configure:4838: checking whether gcc accepts -g
configure:4858: gcc -c -g  -DLINUX -D_REENTRANT -D_GNU_SOURCE conftest.c >&5
configure:4858: $? = 0
configure:4899: result: yes
configure:4916: checking for gcc option to accept ISO C89
configure:4980: gcc  -c  -g -O2  -DLINUX -D_REENTRANT -D_GNU_SOURCE conftest.c >&5
configure:4980: $? = 0
configure:4993: result: none needed
configure:5018: checking how to run the C preprocessor
configure:5088: result: gcc -E
configure:5108: gcc -E  -DLINUX -D_REENTRANT -D_GNU_SOURCE conftest.c
configure:5108: $? = 0
configure:5122: gcc -E  -DLINUX -D_REENTRANT -D_GNU_SOURCE conftest.c
conftest.c:9:10: fatal error: ac_nonexistent.h: No such file or directory
    9 | #include <ac_nonexistent.h>
      |          ^~~~~~~~~~~~~~~~~~
compilation terminated.
configure:5122: $? = 1
configure: failed program was:
| /* confdefs.h */
| #define PACKAGE_NAME ""
| #define PACKAGE_TARNAME ""
| #define PACKAGE_VERSION ""
| #define PACKAGE_STRING ""
| #define PACKAGE_BUGREPORT ""
| #define PACKAGE_URL ""
| /* end confdefs.h.  */
| #include <ac_nonexistent.h>
configure:5269: Configuring PCRE regular expression library
configure:5619: checking for rm
configure:5637: found /usr/bin/rm
configure:5649: result: /usr/bin/rm
configure:5659: checking for pkg-config
configure:5677: found /usr/bin/pkg-config
configure:5689: result: /usr/bin/pkg-config
configure:5699: checking for rsync
configure:5717: found /usr/bin/rsync
configure:5729: result: /usr/bin/rsync
configure:5741: checking for gawk
configure:5757: found /usr/bin/gawk
configure:5768: result: gawk
configure:5779: checking whether ln -s works
configure:5783: result: yes
configure:5833: checking for ranlib
configure:5849: found /usr/bin/ranlib
configure:5860: result: ranlib
configure:5886: checking for lynx
configure:5916: result: no
configure:5886: checking for links
configure:5916: result: no
configure:5886: checking for elinks
configure:5916: result: no
configure:5941: checking for grep that handles long lines and -e
configure:5999: result: /usr/bin/grep
configure:6004: checking for egrep
configure:6066: result: /usr/bin/grep -E
configure:6071: checking for ANSI C header files
configure:6091: gcc -c  -g -O2  -DLINUX -D_REENTRANT -D_GNU_SOURCE conftest.c >&5
configure:6091: $? = 0
configure:6164: gcc -o conftest  -g -O2  -DLINUX -D_REENTRANT -D_GNU_SOURCE   conftest.c  >&5
configure:6164: $? = 0
configure:6164: ./conftest
configure:6164: $? = 0
configure:6175: result: yes
configure:6188: checking for sys/types.h
configure:6188: gcc -c  -g -O2  -DLINUX -D_REENTRANT -D_GNU_SOURCE conftest.c >&5
configure:6188: $? = 0
configure:6188: result: yes
configure:6188: checking for sys/stat.h
configure:6188: gcc -c  -g -O2  -DLINUX -D_REENTRANT -D_GNU_SOURCE conftest.c >&5
configure:6188: $? = 0
configure:6188: result: yes
configure:6188: checking for stdlib.h
configure:6188: gcc -c  -g -O2  -DLINUX -D_REENTRANT -D_GNU_SOURCE conftest.c >&5
configure:6188: $? = 0
configure:6188: result: yes
configure:6188: checking for string.h
configure:6188: gcc -c  -g -O2  -DLINUX -D_REENTRANT -D_GNU_SOURCE conftest.c >&5
configure:6188: $? = 0
configure:6188: result: yes
configure:6188: checking for memory.h
configure:6188: gcc -c  -g -O2  -DLINUX -D_REENTRANT -D_GNU_SOURCE conftest.c >&5
configure:6188: $? = 0
configure:6188: result: yes
configure:6188: checking for strings.h
configure:6188: gcc -c  -g -O2  -DLINUX -D_REENTRANT -D_GNU_SOURCE conftest.c >&5
configure:6188: $? = 0
configure:6188: result: yes
configure:6188: checking for inttypes.h
configure:6188: gcc -c  -g -O2  -DLINUX -D_REENTRANT -D_GNU_SOURCE conftest.c >&5
configure:6188: $? = 0
configure:6188: result: yes
configure:6188: checking for stdint.h
configure:6188: gcc -c  -g -O2  -DLINUX -D_REENTRANT -D_GNU_SOURCE conftest.c >&5
configure:6188: $? = 0
configure:6188: result: yes
configure:6188: checking for unistd.h
configure:6188: gcc -c  -g -O2  -DLINUX -D_REENTRANT -D_GNU_SOURCE conftest.c >&5
configure:6188: $? = 0
configure:6188: result: yes
configure:6201: checking minix/config.h usability
configure:6201: gcc -c  -g -O2  -DLINUX -D_REENTRANT -D_GNU_SOURCE conftest.c >&5
conftest.c:52:10: fatal error: minix/config.h: No such file or directory
   52 | #include <minix/config.h>
      |          ^~~~~~~~~~~~~~~~
compilation terminated.
configure:6201: $? = 1
configure: failed program was:
| /* confdefs.h */
| #define PACKAGE_NAME ""
| #define PACKAGE_TARNAME ""
| #define PACKAGE_VERSION ""
| #define PACKAGE_STRING ""
| #define PACKAGE_BUGREPORT ""
| #define PACKAGE_URL ""
| #define STDC_HEADERS 1
| #define HAVE_SYS_TYPES_H 1
| #define HAVE_SYS_STAT_H 1
| #define HAVE_STDLIB_H 1
| #define HAVE_STRING_H 1
| #define HAVE_MEMORY_H 1
| #define HAVE_STRINGS_H 1
| #define HAVE_INTTYPES_H 1
| #define HAVE_STDINT_H 1
| #define HAVE_UNISTD_H 1
| /* end confdefs.h.  */
| #include <stdio.h>
| #ifdef HAVE_SYS_TYPES_H
| # include <sys/types.h>
| #endif
| #ifdef HAVE_SYS_STAT_H
| # include <sys/stat.h>
| #endif
| #ifdef STDC_HEADERS
| # include <stdlib.h>
| # include <stddef.h>
| #else
| # ifdef HAVE_STDLIB_H
| #  include <stdlib.h>
| # endif
| #endif
| #ifdef HAVE_STRING_H
| # if !defined STDC_HEADERS && defined HAVE_MEMORY_H
| #  include <memory.h>
| # endif
| # include <string.h>
| #endif
| #ifdef HAVE_STRINGS_H
| # include <strings.h>
| #endif
| #ifdef HAVE_INTTYPES_H
| # include <inttypes.h>
| #endif
| #ifdef HAVE_STDINT_H
| # include <stdint.h>
| #endif
| #ifdef HAVE_UNISTD_H
| # include <unistd.h>
| #endif
| #include <minix/config.h>
configure:6201: result: no
configure:6201: checking minix/config.h presence
configure:6201: gcc -E  -DLINUX -D_REENTRANT -D_GNU_SOURCE conftest.c
conftest.c:19:10: fatal error: minix/config.h: No such file or directory
   19 | #include <minix/config.h>
      |          ^~~~~~~~~~~~~~~~
compilation terminated.
configure:6201: $? = 1
configure: failed program was:
| /* confdefs.h */
| #define PACKAGE_NAME ""
| #define PACKAGE_TARNAME ""
| #define PACKAGE_VERSION ""
| #define PACKAGE_STRING ""
| #define PACKAGE_BUGREPORT ""
| #define PACKAGE_URL ""
| #define STDC_HEADERS 1
| #define HAVE_SYS_TYPES_H 1
| #define HAVE_SYS_STAT_H 1
| #define HAVE_STDLIB_H 1
| #define HAVE_STRING_H 1
| #define HAVE_MEMORY_H 1
| #define HAVE_STRINGS_H 1
| #define HAVE_INTTYPES_H 1
| #define HAVE_STDINT_H 1
| #define HAVE_UNISTD_H 1
| /* end confdefs.h.  */
| #include <minix/config.h>
configure:6201: result: no
configure:6201: checking for minix/config.h
configure:6201: result: no
configure:6222: checking whether it is safe to define __EXTENSIONS__
configure:6240: gcc -c  -g -O2  -DLINUX -D_REENTRANT -D_GNU_SOURCE conftest.c >&5
configure:6240: $? = 0
configure:6247: result: yes
configure:6263: checking for library containing strerror
configure:6294: gcc -o conftest  -g -O2  -DLINUX -D_REENTRANT -D_GNU_SOURCE   conftest.c  >&5
configure:6294: $? = 0
configure:6311: result: none required
configure:6516: checking for ANSI C header files
configure:6620: result: yes
configure:6642: checking for string.h
configure:6642: result: yes
configure:6642: checking limits.h usability
configure:6642: gcc -c  -g -O2  -DLINUX -D_REENTRANT -D_GNU_SOURCE conftest.c >&5
configure:6642: $? = 0
configure:6642: result: yes
configure:6642: checking limits.h presence
configure:6642: gcc -E  -DLINUX -D_REENTRANT -D_GNU_SOURCE conftest.c
configure:6642: $? = 0
configure:6642: result: yes
configure:6642: checking for limits.h
configure:6642: result: yes
configure:6642: checking for unistd.h
configure:6642: result: yes
configure:6642: checking sys/socket.h usability
configure:6642: gcc -c  -g -O2  -DLINUX -D_REENTRANT -D_GNU_SOURCE conftest.c >&5
configure:6642: $? = 0
configure:6642: result: yes
configure:6642: checking sys/socket.h presence
configure:6642: gcc -E  -DLINUX -D_REENTRANT -D_GNU_SOURCE conftest.c
configure:6642: $? = 0
configure:6642: result: yes
configure:6642: checking for sys/socket.h
configure:6642: result: yes
configure:6642: checking pwd.h usability
configure:6642: gcc -c  -g -O2  -DLINUX -D_REENTRANT -D_GNU_SOURCE conftest.c >&5
configure:6642: $? = 0
configure:6642: result: yes
configure:6642: checking pwd.h presence
configure:6642: gcc -E  -DLINUX -D_REENTRANT -D_GNU_SOURCE conftest.c
configure:6642: $? = 0
configure:6642: result: yes
configure:6642: checking for pwd.h
configure:6642: result: yes
configure:6642: checking grp.h usability
configure:6642: gcc -c  -g -O2  -DLINUX -D_REENTRANT -D_GNU_SOURCE conftest.c >&5
configure:6642: $? = 0
configure:6642: result: yes
configure:6642: checking grp.h presence
configure:6642: gcc -E  -DLINUX -D_REENTRANT -D_GNU_SOURCE conftest.c
configure:6642: $? = 0
configure:6642: result: yes
configure:6642: checking for grp.h
configure:6642: result: yes
configure:6642: checking for strings.h
configure:6642: result: yes
configure:6642: checking sys/prctl.h usability
configure:6642: gcc -c  -g -O2  -DLINUX -D_REENTRANT -D_GNU_SOURCE conftest.c >&5
configure:6642: $? = 0
configure:6642: result: yes
configure:6642: checking sys/prctl.h presence
configure:6642: gcc -E  -DLINUX -D_REENTRANT -D_GNU_SOURCE conftest.c
configure:6642: $? = 0
configure:6642: result: yes
configure:6642: checking for sys/prctl.h
configure:6642: result: yes
configure:6642: checking sys/processor.h usability
configure:6642: gcc -c  -g -O2  -DLINUX -D_REENTRANT -D_GNU_SOURCE conftest.c >&5
conftest.c:66:10: fatal error: sys/processor.h: No such file or directory
   66 | #include <sys/processor.h>
      |          ^~~~~~~~~~~~~~~~~
compilation terminated.
configure:6642: $? = 1
configure: failed program was:
| /* confdefs.h */
| #define PACKAGE_NAME ""
| #define PACKAGE_TARNAME ""
| #define PACKAGE_VERSION ""
| #define PACKAGE_STRING ""
| #define PACKAGE_BUGREPORT ""
| #define PACKAGE_URL ""
| #define STDC_HEADERS 1
| #define HAVE_SYS_TYPES_H 1
| #define HAVE_SYS_STAT_H 1
| #define HAVE_STDLIB_H 1
| #define HAVE_STRING_H 1
| #define HAVE_MEMORY_H 1
| #define HAVE_STRINGS_H 1
| #define HAVE_INTTYPES_H 1
| #define HAVE_STDINT_H 1
| #define HAVE_UNISTD_H 1
| #define __EXTENSIONS__ 1
| #define _ALL_SOURCE 1
| #define _GNU_SOURCE 1
| #define _POSIX_PTHREAD_SEMANTICS 1
| #define _TANDEM_SOURCE 1
| #define STDC_HEADERS 1
| #define HAVE_STRING_H 1
| #define HAVE_LIMITS_H 1
| #define HAVE_UNISTD_H 1
| #define HAVE_SYS_SOCKET_H 1
| #define HAVE_PWD_H 1
| #define HAVE_GRP_H 1
| #define HAVE_STRINGS_H 1
| #define HAVE_SYS_PRCTL_H 1
| /* end confdefs.h.  */
| #include <stdio.h>
| #ifdef HAVE_SYS_TYPES_H
| # include <sys/types.h>
| #endif
| #ifdef HAVE_SYS_STAT_H
| # include <sys/stat.h>
| #endif
| #ifdef STDC_HEADERS
| # include <stdlib.h>
| # include <stddef.h>
| #else
| # ifdef HAVE_STDLIB_H
| #  include <stdlib.h>
| # endif
| #endif
| #ifdef HAVE_STRING_H
| # if !defined STDC_HEADERS && defined HAVE_MEMORY_H
| #  include <memory.h>
| # endif
| # include <string.h>
| #endif
| #ifdef HAVE_STRINGS_H
| # include <strings.h>
| #endif
| #ifdef HAVE_INTTYPES_H
| # include <inttypes.h>
| #endif
| #ifdef HAVE_STDINT_H
| # include <stdint.h>
| #endif
| #ifdef HAVE_UNISTD_H
| # include <unistd.h>
| #endif
| #include <sys/processor.h>
configure:6642: result: no
configure:6642: checking sys/processor.h presence
configure:6642: gcc -E  -DLINUX -D_REENTRANT -D_GNU_SOURCE conftest.c
conftest.c:33:10: fatal error: sys/processor.h: No such file or directory
   33 | #include <sys/processor.h>
      |          ^~~~~~~~~~~~~~~~~
compilation terminated.
configure:6642: $? = 1
configure: failed program was:
| /* confdefs.h */
| #define PACKAGE_NAME ""
| #define PACKAGE_TARNAME ""
| #define PACKAGE_VERSION ""
| #define PACKAGE_STRING ""
| #define PACKAGE_BUGREPORT ""
| #define PACKAGE_URL ""
| #define STDC_HEADERS 1
| #define HAVE_SYS_TYPES_H 1
| #define HAVE_SYS_STAT_H 1
| #define HAVE_STDLIB_H 1
| #define HAVE_STRING_H 1
| #define HAVE_MEMORY_H 1
| #define HAVE_STRINGS_H 1
| #define HAVE_INTTYPES_H 1
| #define HAVE_STDINT_H 1
| #define HAVE_UNISTD_H 1
| #define __EXTENSIONS__ 1
| #define _ALL_SOURCE 1
| #define _GNU_SOURCE 1
| #define _POSIX_PTHREAD_SEMANTICS 1
| #define _TANDEM_SOURCE 1
| #define STDC_HEADERS 1
| #define HAVE_STRING_H 1
| #define HAVE_LIMITS_H 1
| #define HAVE_UNISTD_H 1
| #define HAVE_SYS_SOCKET_H 1
| #define HAVE_PWD_H 1
| #define HAVE_GRP_H 1
| #define HAVE_STRINGS_H 1
| #define HAVE_SYS_PRCTL_H 1
| /* end confdefs.h.  */
| #include <sys/processor.h>
configure:6642: result: no
configure:6642: checking for sys/processor.h
configure:6642: result: no
configure:6642: checking sys/sem.h usability
configure:6642: gcc -c  -g -O2  -DLINUX -D_REENTRANT -D_GNU_SOURCE conftest.c >&5
configure:6642: $? = 0
configure:6642: result: yes
configure:6642: checking sys/sem.h presence
configure:6642: gcc -E  -DLINUX -D_REENTRANT -D_GNU_SOURCE conftest.c
configure:6642: $? = 0
configure:6642: result: yes
configure:6642: checking for sys/sem.h
configure:6642: result: yes
configure:6652: checking for sys/wait.h that is POSIX.1 compatible
configure:6678: gcc -c  -g -O2  -DLINUX -D_REENTRANT -D_GNU_SOURCE conftest.c >&5
configure:6678: $? = 0
configure:6685: result: yes
configure:6695: checking for an ANSI C-conforming const
configure:6760: gcc -c  -g -O2  -DLINUX -D_REENTRANT -D_GNU_SOURCE conftest.c >&5
configure:6760: $? = 0
configure:6767: result: yes
configure:6776: checking for library containing sqrt
configure:6807: gcc -o conftest  -g -O2  -DLINUX -D_REENTRANT -D_GNU_SOURCE   conftest.c  >&5
conftest.c:42:6: warning: conflicting types for built-in function 'sqrt'; expected 'double(double)' [-Wbuiltin-declaration-mismatch]
   42 | char sqrt ();
      |      ^~~~
conftest.c:1:1: note: 'sqrt' is declared in header '<math.h>'
    1 | /* confdefs.h */
/usr/bin/ld: /tmp/cc7FnS3b.o: in function `main':
/home/runner/work/apache-ultimate-bad-bot-blocker/apache-ultimate-bad-bot-blocker/zlib-1.2.12/httpd-2.2.25/conftest.c:46: undefined reference to `sqrt'
collect2: error: ld returned 1 exit status
configure:6807: $? = 1
configure: failed program was:
| /* confdefs.h */
| #define PACKAGE_NAME ""
| #define PACKAGE_TARNAME ""
| #define PACKAGE_VERSION ""
| #define PACKAGE_STRING ""
| #define PACKAGE_BUGREPORT ""
| #define PACKAGE_URL ""
| #define STDC_HEADERS 1
| #define HAVE_SYS_TYPES_H 1
| #define HAVE_SYS_STAT_H 1
| #define HAVE_STDLIB_H 1
| #define HAVE_STRING_H 1
| #define HAVE_MEMORY_H 1
| #define HAVE_STRINGS_H 1
| #define HAVE_INTTYPES_H 1
| #define HAVE_STDINT_H 1
| #define HAVE_UNISTD_H 1
| #define __EXTENSIONS__ 1
| #define _ALL_SOURCE 1
| #define _GNU_SOURCE 1
| #define _POSIX_PTHREAD_SEMANTICS 1
| #define _TANDEM_SOURCE 1
| #define STDC_HEADERS 1
| #define HAVE_STRING_H 1
| #define HAVE_LIMITS_H 1
| #define HAVE_UNISTD_H 1
| #define HAVE_SYS_SOCKET_H 1
| #define HAVE_PWD_H 1
| #define HAVE_GRP_H 1
| #define HAVE_STRINGS_H 1
| #define HAVE_SYS_PRCTL_H 1
| #define HAVE_SYS_SEM_H 1
| #define HAVE_SYS_WAIT_H 1
| /* end confdefs.h.  */
| 
| /* Override any GCC internal prototype to avoid an error.
|    Use char because int might match the return type of a GCC
|    builtin and then its argument prototype would still apply.  */
| #ifdef __cplusplus
| extern "C"
| #endif
| char sqrt ();
| int
| main ()
| {
| return sqrt ();
|   ;
|   return 0;
| }
configure:6807: gcc -o conftest  -g -O2  -DLINUX -D_REENTRANT -D_GNU_SOURCE   conftest.c -lm   >&5
conftest.c:42:6: warning: conflicting types for built-in function 'sqrt'; expected 'double(double)' [-Wbuiltin-declaration-mismatch]
   42 | char sqrt ();
      |      ^~~~
conftest.c:1:1: note: 'sqrt' is declared in header '<math.h>'
    1 | /* confdefs.h */
configure:6807: $? = 0
configure:6824: result: -lm
configure:6835: checking for library containing crypt
configure:6866: gcc -o conftest  -g -O2  -DLINUX -D_REENTRANT -D_GNU_SOURCE   conftest.c  >&5
/usr/bin/ld: /tmp/ccoQQZAm.o: in function `main':
/home/runner/work/apache-ultimate-bad-bot-blocker/apache-ultimate-bad-bot-blocker/zlib-1.2.12/httpd-2.2.25/conftest.c:46: undefined reference to `crypt'
collect2: error: ld returned 1 exit status
configure:6866: $? = 1
configure: failed program was:
| /* confdefs.h */
| #define PACKAGE_NAME ""
| #define PACKAGE_TARNAME ""
| #define PACKAGE_VERSION ""
| #define PACKAGE_STRING ""
| #define PACKAGE_BUGREPORT ""
| #define PACKAGE_URL ""
| #define STDC_HEADERS 1
| #define HAVE_SYS_TYPES_H 1
| #define HAVE_SYS_STAT_H 1
| #define HAVE_STDLIB_H 1
| #define HAVE_STRING_H 1
| #define HAVE_MEMORY_H 1
| #define HAVE_STRINGS_H 1
| #define HAVE_INTTYPES_H 1
| #define HAVE_STDINT_H 1
| #define HAVE_UNISTD_H 1
| #define __EXTENSIONS__ 1
| #define _ALL_SOURCE 1
| #define _GNU_SOURCE 1
| #define _POSIX_PTHREAD_SEMANTICS 1
| #define _TANDEM_SOURCE 1
| #define STDC_HEADERS 1
| #define HAVE_STRING_H 1
| #define HAVE_LIMITS_H 1
| #define HAVE_UNISTD_H 1
| #define HAVE_SYS_SOCKET_H 1
| #define HAVE_PWD_H 1
| #define HAVE_GRP_H 1
| #define HAVE_STRINGS_H 1
| #define HAVE_SYS_PRCTL_H 1
| #define HAVE_SYS_SEM_H 1
| #define HAVE_SYS_WAIT_H 1
| /* end confdefs.h.  */
| 
| /* Override any GCC internal prototype to avoid an error.
|    Use char because int might match the return type of a GCC
|    builtin and then its argument prototype would still apply.  */
| #ifdef __cplusplus
| extern "C"
| #endif
| char crypt ();
| int
| main ()
| {
| return crypt ();
|   ;
|   return 0;
| }
configure:6866: gcc -o conftest  -g -O2  -DLINUX -D_REENTRANT -D_GNU_SOURCE   conftest.c -lcrypt   >&5
configure:6866: $? = 0
configure:6883: result: -lcrypt
configure:6910: checking for getpwnam
configure:6910: gcc -o conftest  -g -O2  -DLINUX -D_REENTRANT -D_GNU_SOURCE   conftest.c -lm  >&5
configure:6910: $? = 0
configure:6910: result: yes
configure:6910: checking for getgrnam
configure:6910: gcc -o conftest  -g -O2  -DLINUX -D_REENTRANT -D_GNU_SOURCE   conftest.c -lm  >&5
configure:6910: $? = 0
configure:6910: result: yes
configure:6910: checking for initgroups
configure:6910: gcc -o conftest  -g -O2  -DLINUX -D_REENTRANT -D_GNU_SOURCE   conftest.c -lm  >&5
configure:6910: $? = 0
configure:6910: result: yes
configure:6910: checking for bindprocessor
configure:6910: gcc -o conftest  -g -O2  -DLINUX -D_REENTRANT -D_GNU_SOURCE   conftest.c -lm  >&5
/usr/bin/ld: /tmp/ccG6o4Bz.o: in function `main':
/home/runner/work/apache-ultimate-bad-bot-blocker/apache-ultimate-bad-bot-blocker/zlib-1.2.12/httpd-2.2.25/conftest.c:72: undefined reference to `bindprocessor'
collect2: error: ld returned 1 exit status
configure:6910: $? = 1
configure: failed program was:
| /* confdefs.h */
| #define PACKAGE_NAME ""
| #define PACKAGE_TARNAME ""
| #define PACKAGE_VERSION ""
| #define PACKAGE_STRING ""
| #define PACKAGE_BUGREPORT ""
| #define PACKAGE_URL ""
| #define STDC_HEADERS 1
| #define HAVE_SYS_TYPES_H 1
| #define HAVE_SYS_STAT_H 1
| #define HAVE_STDLIB_H 1
| #define HAVE_STRING_H 1
| #define HAVE_MEMORY_H 1
| #define HAVE_STRINGS_H 1
| #define HAVE_INTTYPES_H 1
| #define HAVE_STDINT_H 1
| #define HAVE_UNISTD_H 1
| #define __EXTENSIONS__ 1
| #define _ALL_SOURCE 1
| #define _GNU_SOURCE 1
| #define _POSIX_PTHREAD_SEMANTICS 1
| #define _TANDEM_SOURCE 1
| #define STDC_HEADERS 1
| #define HAVE_STRING_H 1
| #define HAVE_LIMITS_H 1
| #define HAVE_UNISTD_H 1
| #define HAVE_SYS_SOCKET_H 1
| #define HAVE_PWD_H 1
| #define HAVE_GRP_H 1
| #define HAVE_STRINGS_H 1
| #define HAVE_SYS_PRCTL_H 1
| #define HAVE_SYS_SEM_H 1
| #define HAVE_SYS_WAIT_H 1
| #define HAVE_GETPWNAM 1
| #define HAVE_GETGRNAM 1
| #define HAVE_INITGROUPS 1
| /* end confdefs.h.  */
| /* Define bindprocessor to an innocuous variant, in case <limits.h> declares bindprocessor.
|    For example, HP-UX 11i <limits.h> declares gettimeofday.  */
| #define bindprocessor innocuous_bindprocessor
| 
| /* System header to define __stub macros and hopefully few prototypes,
|     which can conflict with char bindprocessor (); below.
|     Prefer <limits.h> to <assert.h> if __STDC__ is defined, since
|     <limits.h> exists even on freestanding compilers.  */
| 
| #ifdef __STDC__
| # include <limits.h>
| #else
| # include <assert.h>
| #endif
| 
| #undef bindprocessor
| 
| /* Override any GCC internal prototype to avoid an error.
|    Use char because int might match the return type of a GCC
|    builtin and then its argument prototype would still apply.  */
| #ifdef __cplusplus
| extern "C"
| #endif
| char bindprocessor ();
| /* The GNU C library defines this for functions which it implements
|     to always fail with ENOSYS.  Some functions are actually named
|     something starting with __ and the normal name is an alias.  */
| #if defined __stub_bindprocessor || defined __stub___bindprocessor
| choke me
| #endif
| 
| int
| main ()
| {
| return bindprocessor ();
|   ;
|   return 0;
| }
configure:6910: result: no
configure:6910: checking for prctl
configure:6910: gcc -o conftest  -g -O2  -DLINUX -D_REENTRANT -D_GNU_SOURCE   conftest.c -lm  >&5
configure:6910: $? = 0
configure:6910: result: yes
configure:6910: checking for timegm
configure:6910: gcc -o conftest  -g -O2  -DLINUX -D_REENTRANT -D_GNU_SOURCE   conftest.c -lm  >&5
configure:6910: $? = 0
configure:6910: result: yes
configure:6910: checking for getpgid
configure:6910: gcc -o conftest  -g -O2  -DLINUX -D_REENTRANT -D_GNU_SOURCE   conftest.c -lm  >&5
configure:6910: $? = 0
configure:6910: result: yes
configure:6922: checking for void pointer length
configure:6938: gcc -o conftest  -g -O2  -DLINUX -D_REENTRANT -D_GNU_SOURCE   conftest.c -lm  >&5
configure:6938: $? = 0
configure:6938: ./conftest
configure:6938: $? = 0
configure:6948: result: no
configure:6956: checking for tm_gmtoff in struct tm
configure:6973: gcc -c  -g -O2  -DLINUX -D_REENTRANT -D_GNU_SOURCE conftest.c >&5
configure:6973: $? = 0
configure:6980: result: yes
configure:7213: checking whether to enable mod_authn_file
configure:7251: result: shared (all)
configure:7306: checking whether to enable mod_authn_dbm
configure:7344: result: shared (all)
configure:7399: checking whether to enable mod_authn_anon
configure:7437: result: shared (all)
configure:7492: checking whether to enable mod_authn_dbd
configure:7530: result: shared (all)
configure:7586: checking whether to enable mod_authn_default
configure:7624: result: shared (all)
configure:7680: checking whether to enable mod_authn_alias
configure:7718: result: no
configure:7774: checking whether to enable mod_authz_host
configure:7812: result: shared (all)
configure:7867: checking whether to enable mod_authz_groupfile
configure:7905: result: shared (all)
configure:7960: checking whether to enable mod_authz_user
configure:7998: result: shared (all)
configure:8053: checking whether to enable mod_authz_dbm
configure:8091: result: shared (all)
configure:8146: checking whether to enable mod_authz_owner
configure:8184: result: shared (all)
configure:8240: checking whether to enable mod_authnz_ldap
configure:8292: result: no
configure:8348: checking whether to enable mod_authz_default
configure:8386: result: shared (all)
configure:8443: checking whether to enable mod_auth_basic
configure:8481: result: shared (all)
configure:8536: checking whether to enable mod_auth_digest
configure:8572: result: checking dependencies
configure:8603: checking whether to enable mod_auth_digest
configure:8613: result: shared (all)
configure:8694: checking whether to enable mod_isapi
configure:8732: result: no
configure:8813: checking whether to enable mod_file_cache
configure:8851: result: no
configure:8909: checking whether to enable mod_cache
configure:8947: result: no
configure:9002: checking whether to enable mod_disk_cache
configure:9040: result: no
configure:9095: checking whether to enable mod_mem_cache
configure:9133: result: no
configure:9213: checking whether to enable mod_dbd
configure:9251: result: shared (all)
configure:9331: checking whether to enable mod_bucketeer
configure:9369: result: no
configure:9424: checking whether to enable mod_dumpio
configure:9462: result: shared (all)
configure:9543: checking whether to enable mod_echo
configure:9581: result: no
configure:9661: checking whether to enable mod_example
configure:9699: result: no
configure:9754: checking whether to enable mod_case_filter
configure:9792: result: no
configure:9847: checking whether to enable mod_case_filter_in
configure:9885: result: no
configure:9966: checking whether to enable mod_reqtimeout
configure:10004: result: shared (all)
configure:10059: checking whether to enable mod_ext_filter
configure:10097: result: shared (all)
configure:10152: checking whether to enable mod_include
configure:10190: result: shared (all)
configure:10245: checking whether to enable mod_filter
configure:10283: result: shared (all)
configure:10338: checking whether to enable mod_substitute
configure:10376: result: shared (all)
configure:10529: checking whether to enable mod_charset_lite
configure:10567: result: no
configure:10625: checking whether to enable mod_deflate
configure:10661: result: checking dependencies
configure:10675: checking for zlib location
configure:10696: result: /usr/local
configure:10793: checking for zlib library
configure:10806: gcc -o conftest  -g -O2  -DLINUX -D_REENTRANT -D_GNU_SOURCE -I$(top_builddir)/srclib/pcre -I. -I$(top_srcdir)/os/$(OS_DIR) -I$(top_srcdir)/server/mpm/$(MPM_SUBDIR_NAME) -I$(top_srcdir)/modules/http -I$(top_srcdir)/modules/filters -I$(top_srcdir)/modules/proxy -I$(top_srcdir)/include -I$(top_srcdir)/modules/generators -I$(top_srcdir)/modules/mappers -I$(top_srcdir)/modules/database -I/home/runner/work/apache-ultimate-bad-bot-blocker/apache-ultimate-bad-bot-blocker/zlib-1.2.12/httpd-2.2.25/srclib/apr/include -I/home/runner/work/apache-ultimate-bad-bot-blocker/apache-ultimate-bad-bot-blocker/zlib-1.2.12/httpd-2.2.25/srclib/apr-util/include -I/usr/local/include   -L/usr/local/lib conftest.c -lm  -lz >&5
configure:10806: $? = 0
configure:10807: result: found
configure:10845: checking whether to enable mod_deflate
configure:10855: result: shared (all)
configure:10937: checking whether to enable mod_ldap
configure:10989: result: no
configure:11070: checking whether to enable mod_log_config
configure:11108: result: shared (all)
configure:11163: checking whether to enable mod_log_forensic
configure:11201: result: shared (all)
configure:11282: checking whether to enable mod_logio
configure:11320: result: shared (all)
configure:11401: checking whether to enable mod_env
configure:11439: result: shared (all)
configure:11494: checking whether to enable mod_mime_magic
configure:11532: result: shared (all)
configure:11587: checking whether to enable mod_cern_meta
configure:11625: result: shared (all)
configure:11680: checking whether to enable mod_expires
configure:11718: result: shared (all)
configure:11773: checking whether to enable mod_headers
configure:11811: result: shared (all)
configure:11866: checking whether to enable mod_ident
configure:11904: result: shared (all)
configure:11960: checking whether to enable mod_usertrack
configure:11996: result: checking dependencies
configure:12001: checking sys/times.h usability
configure:12001: gcc -c  -g -O2  -DLINUX -D_REENTRANT -D_GNU_SOURCE conftest.c >&5
configure:12001: $? = 0
configure:12001: result: yes
configure:12001: checking sys/times.h presence
configure:12001: gcc -E  -DLINUX -D_REENTRANT -D_GNU_SOURCE conftest.c
configure:12001: $? = 0
configure:12001: result: yes
configure:12001: checking for sys/times.h
configure:12001: result: yes
configure:12013: checking for times
configure:12013: gcc -o conftest  -g -O2  -DLINUX -D_REENTRANT -D_GNU_SOURCE   -L/usr/local/lib conftest.c  -lm >&5
configure:12013: $? = 0
configure:12013: result: yes
configure:12023: checking whether to enable mod_usertrack
configure:12033: result: shared (all)
configure:12089: checking whether to enable mod_unique_id
configure:12127: result: shared (all)
configure:12182: checking whether to enable mod_setenvif
configure:12220: result: shared (all)
configure:12275: checking whether to enable mod_version
configure:12313: result: shared (all)
configure:12402: checking whether to enable mod_proxy
configure:12440: result: shared (all)
configure:12516: checking whether to enable mod_proxy_connect
configure:12554: result: shared (all)
configure:12609: checking whether to enable mod_proxy_ftp
configure:12647: result: shared (all)
configure:12702: checking whether to enable mod_proxy_http
configure:12740: result: shared (all)
configure:12795: checking whether to enable mod_proxy_scgi
configure:12833: result: shared (all)
configure:12888: checking whether to enable mod_proxy_ajp
configure:12926: result: shared (all)
configure:12981: checking whether to enable mod_proxy_balancer
configure:13019: result: shared (all)
configure:13124: checking whether to enable mod_ssl
configure:13777: result: no
configure:13881: checking whether to enable mod_optional_hook_export
configure:13919: result: no
configure:13974: checking whether to enable mod_optional_hook_import
configure:14012: result: no
configure:14067: checking whether to enable mod_optional_fn_import
configure:14105: result: no
configure:14160: checking whether to enable mod_optional_fn_export
configure:14198: result: no
configure:14291: checking for target platform
configure:14320: result: unix
configure:14352: checking for rlim_t
configure:14373: gcc -c  -g -O2  -DLINUX -D_REENTRANT -D_GNU_SOURCE conftest.c >&5
configure:14373: $? = 0
configure:14384: result: yes
configure:14396: checking sys/time.h usability
configure:14396: gcc -c  -g -O2  -DLINUX -D_REENTRANT -D_GNU_SOURCE conftest.c >&5
configure:14396: $? = 0
configure:14396: result: yes
configure:14396: checking sys/time.h presence
configure:14396: gcc -E  -DLINUX -D_REENTRANT -D_GNU_SOURCE conftest.c
configure:14396: $? = 0
configure:14396: result: yes
configure:14396: checking for sys/time.h
configure:14396: result: yes
configure:14396: checking sys/resource.h usability
configure:14396: gcc -c  -g -O2  -DLINUX -D_REENTRANT -D_GNU_SOURCE conftest.c >&5
configure:14396: $? = 0
configure:14396: result: yes
configure:14396: checking sys/resource.h presence
configure:14396: gcc -E  -DLINUX -D_REENTRANT -D_GNU_SOURCE conftest.c
configure:14396: $? = 0
configure:14396: result: yes
configure:14396: checking for sys/resource.h
configure:14396: result: yes
configure:14396: checking for sys/sem.h
configure:14396: result: yes
configure:14396: checking sys/ipc.h usability
configure:14396: gcc -c  -g -O2  -DLINUX -D_REENTRANT -D_GNU_SOURCE conftest.c >&5
configure:14396: $? = 0
configure:14396: result: yes
configure:14396: checking sys/ipc.h presence
configure:14396: gcc -E  -DLINUX -D_REENTRANT -D_GNU_SOURCE conftest.c
configure:14396: $? = 0
configure:14396: result: yes
configure:14396: checking for sys/ipc.h
configure:14396: result: yes
configure:14410: checking for setsid
configure:14410: gcc -o conftest  -g -O2  -DLINUX -D_REENTRANT -D_GNU_SOURCE   -L/usr/local/lib conftest.c  -lm >&5
configure:14410: $? = 0
configure:14410: result: yes
configure:14410: checking for killpg
configure:14410: gcc -o conftest  -g -O2  -DLINUX -D_REENTRANT -D_GNU_SOURCE   -L/usr/local/lib conftest.c  -lm >&5
configure:14410: $? = 0
configure:14410: result: yes
configure:14426: checking bstring.h usability
configure:14426: gcc -c  -g -O2  -DLINUX -D_REENTRANT -D_GNU_SOURCE conftest.c >&5
conftest.c:84:10: fatal error: bstring.h: No such file or directory
   84 | #include <bstring.h>
      |          ^~~~~~~~~~~
compilation terminated.
configure:14426: $? = 1
configure: failed program was:
| /* confdefs.h */
| #define PACKAGE_NAME ""
| #define PACKAGE_TARNAME ""
| #define PACKAGE_VERSION ""
| #define PACKAGE_STRING ""
| #define PACKAGE_BUGREPORT ""
| #define PACKAGE_URL ""
| #define STDC_HEADERS 1
| #define HAVE_SYS_TYPES_H 1
| #define HAVE_SYS_STAT_H 1
| #define HAVE_STDLIB_H 1
| #define HAVE_STRING_H 1
| #define HAVE_MEMORY_H 1
| #define HAVE_STRINGS_H 1
| #define HAVE_INTTYPES_H 1
| #define HAVE_STDINT_H 1
| #define HAVE_UNISTD_H 1
| #define __EXTENSIONS__ 1
| #define _ALL_SOURCE 1
| #define _GNU_SOURCE 1
| #define _POSIX_PTHREAD_SEMANTICS 1
| #define _TANDEM_SOURCE 1
| #define STDC_HEADERS 1
| #define HAVE_STRING_H 1
| #define HAVE_LIMITS_H 1
| #define HAVE_UNISTD_H 1
| #define HAVE_SYS_SOCKET_H 1
| #define HAVE_PWD_H 1
| #define HAVE_GRP_H 1
| #define HAVE_STRINGS_H 1
| #define HAVE_SYS_PRCTL_H 1
| #define HAVE_SYS_SEM_H 1
| #define HAVE_SYS_WAIT_H 1
| #define HAVE_GETPWNAM 1
| #define HAVE_GETGRNAM 1
| #define HAVE_INITGROUPS 1
| #define HAVE_PRCTL 1
| #define HAVE_TIMEGM 1
| #define HAVE_GETPGID 1
| #define HAVE_GMTOFF 1
| #define AP_ENABLE_V4_MAPPED 1
| #define HAVE_SYS_TIMES_H 1
| #define HAVE_TIMES 1
| #define HAVE_SYS_TIME_H 1
| #define HAVE_SYS_RESOURCE_H 1
| #define HAVE_SYS_SEM_H 1
| #define HAVE_SYS_IPC_H 1
| #define HAVE_SETSID 1
| #define HAVE_KILLPG 1
| /* end confdefs.h.  */
| #include <stdio.h>
| #ifdef HAVE_SYS_TYPES_H
| # include <sys/types.h>
| #endif
| #ifdef HAVE_SYS_STAT_H
| # include <sys/stat.h>
| #endif
| #ifdef STDC_HEADERS
| # include <stdlib.h>
| # include <stddef.h>
| #else
| # ifdef HAVE_STDLIB_H
| #  include <stdlib.h>
| # endif
| #endif
| #ifdef HAVE_STRING_H
| # if !defined STDC_HEADERS && defined HAVE_MEMORY_H
| #  include <memory.h>
| # endif
| # include <string.h>
| #endif
| #ifdef HAVE_STRINGS_H
| # include <strings.h>
| #endif
| #ifdef HAVE_INTTYPES_H
| # include <inttypes.h>
| #endif
| #ifdef HAVE_STDINT_H
| # include <stdint.h>
| #endif
| #ifdef HAVE_UNISTD_H
| # include <unistd.h>
| #endif
| #include <bstring.h>
configure:14426: result: no
configure:14426: checking bstring.h presence
configure:14426: gcc -E  -DLINUX -D_REENTRANT -D_GNU_SOURCE conftest.c
conftest.c:51:10: fatal error: bstring.h: No such file or directory
   51 | #include <bstring.h>
      |          ^~~~~~~~~~~
compilation terminated.
configure:14426: $? = 1
configure: failed program was:
| /* confdefs.h */
| #define PACKAGE_NAME ""
| #define PACKAGE_TARNAME ""
| #define PACKAGE_VERSION ""
| #define PACKAGE_STRING ""
| #define PACKAGE_BUGREPORT ""
| #define PACKAGE_URL ""
| #define STDC_HEADERS 1
| #define HAVE_SYS_TYPES_H 1
| #define HAVE_SYS_STAT_H 1
| #define HAVE_STDLIB_H 1
| #define HAVE_STRING_H 1
| #define HAVE_MEMORY_H 1
| #define HAVE_STRINGS_H 1
| #define HAVE_INTTYPES_H 1
| #define HAVE_STDINT_H 1
| #define HAVE_UNISTD_H 1
| #define __EXTENSIONS__ 1
| #define _ALL_SOURCE 1
| #define _GNU_SOURCE 1
| #define _POSIX_PTHREAD_SEMANTICS 1
| #define _TANDEM_SOURCE 1
| #define STDC_HEADERS 1
| #define HAVE_STRING_H 1
| #define HAVE_LIMITS_H 1
| #define HAVE_UNISTD_H 1
| #define HAVE_SYS_SOCKET_H 1
| #define HAVE_PWD_H 1
| #define HAVE_GRP_H 1
| #define HAVE_STRINGS_H 1
| #define HAVE_SYS_PRCTL_H 1
| #define HAVE_SYS_SEM_H 1
| #define HAVE_SYS_WAIT_H 1
| #define HAVE_GETPWNAM 1
| #define HAVE_GETGRNAM 1
| #define HAVE_INITGROUPS 1
| #define HAVE_PRCTL 1
| #define HAVE_TIMEGM 1
| #define HAVE_GETPGID 1
| #define HAVE_GMTOFF 1
| #define AP_ENABLE_V4_MAPPED 1
| #define HAVE_SYS_TIMES_H 1
| #define HAVE_TIMES 1
| #define HAVE_SYS_TIME_H 1
| #define HAVE_SYS_RESOURCE_H 1
| #define HAVE_SYS_SEM_H 1
| #define HAVE_SYS_IPC_H 1
| #define HAVE_SETSID 1
| #define HAVE_KILLPG 1
| /* end confdefs.h.  */
| #include <bstring.h>
configure:14426: result: no
configure:14426: checking for bstring.h
configure:14426: result: no
configure:14426: checking for unistd.h
configure:14426: result: yes
configure:14441: checking for syslog
configure:14441: gcc -o conftest  -g -O2  -DLINUX -D_REENTRANT -D_GNU_SOURCE   -L/usr/local/lib conftest.c  -lm >&5
configure:14441: $? = 0
configure:14441: result: yes
configure:14453: checking for sys/times.h
configure:14453: result: yes
configure:14465: checking for times
configure:14465: result: yes
configure:14475: checking which MPM to use
configure:14491: result: prefork
configure:15370: checking whether to enable mod_http
configure:15408: result: yes
configure:15463: checking whether to enable mod_mime
configure:15501: result: shared (all)
configure:15570: checking for extra modules
configure:15630: result: none
configure:15655: checking whether to enable mod_dav
configure:15693: result: shared (all)
configure:15801: checking whether to enable mod_status
configure:15839: result: shared (all)
configure:15894: checking whether to enable mod_autoindex
configure:15932: result: shared (all)
configure:15987: checking whether to enable mod_asis
configure:16025: result: shared (all)
configure:16080: checking whether to enable mod_info
configure:16118: result: shared (all)
configure:16173: checking whether to enable mod_suexec
configure:16223: result: no
configure:16481: checking whether to enable mod_cgi
configure:16519: result: shared (all)
configure:16574: checking whether to enable mod_cgid
configure:16612: result: no
configure:16855: checking whether to enable mod_dav_fs
configure:16893: result: shared (all)
configure:16983: checking whether to enable mod_dav_lock
configure:17021: result: no
configure:17102: checking whether to enable mod_vhost_alias
configure:17140: result: shared (all)
configure:17195: checking whether to enable mod_negotiation
configure:17233: result: shared (all)
configure:17288: checking whether to enable mod_dir
configure:17326: result: shared (all)
configure:17381: checking whether to enable mod_imagemap
configure:17419: result: shared (all)
configure:17474: checking whether to enable mod_actions
configure:17512: result: shared (all)
configure:17567: checking whether to enable mod_speling
configure:17605: result: shared (all)
configure:17660: checking whether to enable mod_userdir
configure:17698: result: shared (all)
configure:17753: checking whether to enable mod_alias
configure:17791: result: shared (all)
configure:17847: checking whether to enable mod_rewrite
configure:17885: result: shared (all)
configure:18024: checking whether to enable mod_so
configure:18062: result: yes
configure:19035: creating ./config.status

## ---------------------- ##
## Running config.status. ##
## ---------------------- ##

This file was extended by config.status, which was
generated by GNU Autoconf 2.67.  Invocation command line was

  CONFIG_FILES    = 
  CONFIG_HEADERS  = 
  CONFIG_LINKS    = 
  CONFIG_COMMANDS = 
  $ ./config.status 

on fv-az593-855

config.status:1130: creating docs/conf/httpd.conf
config.status:1130: creating docs/conf/extra/httpd-autoindex.conf
config.status:1130: creating docs/conf/extra/httpd-dav.conf
config.status:1130: creating docs/conf/extra/httpd-default.conf
config.status:1130: creating docs/conf/extra/httpd-info.conf
config.status:1130: creating docs/conf/extra/httpd-languages.conf
config.status:1130: creating docs/conf/extra/httpd-manual.conf
config.status:1130: creating docs/conf/extra/httpd-mpm.conf
config.status:1130: creating docs/conf/extra/httpd-multilang-errordoc.conf
config.status:1130: creating docs/conf/extra/httpd-ssl.conf
config.status:1130: creating docs/conf/extra/httpd-userdir.conf
config.status:1130: creating docs/conf/extra/httpd-vhosts.conf
config.status:1130: creating include/ap_config_layout.h
config.status:1130: creating support/apxs
config.status:1130: creating support/apachectl
config.status:1130: creating support/dbmmanage
config.status:1130: creating support/envvars-std
config.status:1130: creating support/log_server_status
config.status:1130: creating support/logresolve.pl
config.status:1130: creating support/phf_abuse_log.cgi
config.status:1130: creating support/split-logfile
config.status:1130: creating build/rules.mk
config.status:1130: creating build/pkg/pkginfo
config.status:1130: creating build/config_vars.sh
config.status:1130: creating include/ap_config_auto.h
config.status:1299: include/ap_config_auto.h is unchanged
config.status:1313: executing default commands

## ---------------- ##
## Cache variables. ##
## ---------------- ##

ac_cv_build=x86_64-unknown-linux-gnu
ac_cv_c_compiler_gnu=yes
ac_cv_c_const=yes
ac_cv_define_APR_HAS_DSO=yes
ac_cv_define_APR_HAS_RANDOM=yes
ac_cv_define_APR_HAVE_IPV6=yes
ac_cv_env_CC_set=
ac_cv_env_CC_value=
ac_cv_env_CFLAGS_set=
ac_cv_env_CFLAGS_value=
ac_cv_env_CPPFLAGS_set=
ac_cv_env_CPPFLAGS_value=
ac_cv_env_CPP_set=
ac_cv_env_CPP_value=
ac_cv_env_LDFLAGS_set=
ac_cv_env_LDFLAGS_value=
ac_cv_env_LIBS_set=
ac_cv_env_LIBS_value=
ac_cv_env_build_alias_set=
ac_cv_env_build_alias_value=
ac_cv_env_host_alias_set=
ac_cv_env_host_alias_value=
ac_cv_env_target_alias_set=
ac_cv_env_target_alias_value=
ac_cv_func_bindprocessor=no
ac_cv_func_getgrnam=yes
ac_cv_func_getpgid=yes
ac_cv_func_getpwnam=yes
ac_cv_func_initgroups=yes
ac_cv_func_killpg=yes
ac_cv_func_prctl=yes
ac_cv_func_setsid=yes
ac_cv_func_syslog=yes
ac_cv_func_timegm=yes
ac_cv_func_times=yes
ac_cv_header_bstring_h=no
ac_cv_header_grp_h=yes
ac_cv_header_inttypes_h=yes
ac_cv_header_limits_h=yes
ac_cv_header_memory_h=yes
ac_cv_header_minix_config_h=no
ac_cv_header_pwd_h=yes
ac_cv_header_stdc=yes
ac_cv_header_stdint_h=yes
ac_cv_header_stdlib_h=yes
ac_cv_header_string_h=yes
ac_cv_header_strings_h=yes
ac_cv_header_sys_ipc_h=yes
ac_cv_header_sys_prctl_h=yes
ac_cv_header_sys_processor_h=no
ac_cv_header_sys_resource_h=yes
ac_cv_header_sys_sem_h=yes
ac_cv_header_sys_socket_h=yes
ac_cv_header_sys_stat_h=yes
ac_cv_header_sys_time_h=yes
ac_cv_header_sys_times_h=yes
ac_cv_header_sys_types_h=yes
ac_cv_header_sys_wait_h=yes
ac_cv_header_unistd_h=yes
ac_cv_host=x86_64-unknown-linux-gnu
ac_cv_mkdir_p=yes
ac_cv_objext=o
ac_cv_path_EGREP='/usr/bin/grep -E'
ac_cv_path_GREP=/usr/bin/grep
ac_cv_path_PKGCONFIG=/usr/bin/pkg-config
ac_cv_path_RM=/usr/bin/rm
ac_cv_path_RSYNC=/usr/bin/rsync
ac_cv_prog_AWK=gawk
ac_cv_prog_CPP='gcc -E'
ac_cv_prog_ac_ct_CC=gcc
ac_cv_prog_ac_ct_RANLIB=ranlib
ac_cv_prog_cc_c89=
ac_cv_prog_cc_g=yes
ac_cv_safe_to_define___extensions__=yes
ac_cv_search_crypt=-lcrypt
ac_cv_search_sqrt=-lm
ac_cv_search_strerror='none required'
ac_cv_struct_tm_gmtoff=yes
ac_cv_target=x86_64-unknown-linux-gnu
ac_cv_type_rlim_t=yes
ap_cv_void_ptr_lt_long=no
ap_cv_zlib=/usr/local
apache_cv_mpm=prefork

## ----------------- ##
## Output variables. ##
## ----------------- ##

APACHECTL_ULIMIT='ulimit -S -n `ulimit -H -n`'
APR_BINDIR='/usr/local/apache2/bin'
APR_CONFIG='/usr/local/apache2/bin/apr-1-config'
APR_INCLUDEDIR='/home/runner/work/apache-ultimate-bad-bot-blocker/apache-ultimate-bad-bot-blocker/zlib-1.2.12/httpd-2.2.25/srclib/apr/include'
APR_VERSION='1.4.8'
APU_BINDIR='/usr/local/apache2/bin'
APU_CONFIG='/usr/local/apache2/bin/apu-1-config'
APU_INCLUDEDIR='/home/runner/work/apache-ultimate-bad-bot-blocker/apache-ultimate-bad-bot-blocker/zlib-1.2.12/httpd-2.2.25/srclib/apr-util/include'
APU_VERSION='1.5.2'
AP_BUILD_SRCLIB_DIRS='apr  apr-util pcre'
AP_CLEAN_SRCLIB_DIRS='apr-util  apr pcre'
AP_LIBS='/home/runner/work/apache-ultimate-bad-bot-blocker/apache-ultimate-bad-bot-blocker/zlib-1.2.12/httpd-2.2.25/srclib/pcre/libpcre.la  /home/runner/work/apache-ultimate-bad-bot-blocker/apache-ultimate-bad-bot-blocker/zlib-1.2.12/httpd-2.2.25/srclib/apr-util/libaprutil-1.la     -lexpat  /home/runner/work/apache-ultimate-bad-bot-blocker/apache-ultimate-bad-bot-blocker/zlib-1.2.12/httpd-2.2.25/srclib/apr/libapr-1.la -luuid -lcrypt  -lpthread'
AWK='gawk'
BUILTIN_LIBS=' modules/http/libmod_http.la modules/mappers/libmod_so.la'
CC='gcc'
CFLAGS=''
CORE_IMPLIB=''
CORE_IMPLIB_FILE=''
CPP='gcc -E'
CPPFLAGS=''
CRYPT_LIBS='-lcrypt '
CXX=''
CXXFLAGS=''
DEFS='-DHAVE_CONFIG_H'
DSO_MODULES=' authn_file authn_dbm authn_anon authn_dbd authn_default authz_host authz_groupfile authz_user authz_dbm authz_owner authz_default auth_basic auth_digest dbd dumpio reqtimeout ext_filter include filter substitute deflate log_config log_forensic logio env mime_magic cern_meta expires headers ident usertrack unique_id setenvif version proxy proxy_connect proxy_ftp proxy_http proxy_scgi proxy_ajp proxy_balancer mime dav status autoindex asis info cgi dav_fs vhost_alias negotiation dir imagemap actions speling userdir alias rewrite'
ECHO_C=''
ECHO_N='-n'
ECHO_T=''
EGREP='/usr/bin/grep -E'
EXEEXT=''
EXTRA_CFLAGS=' -g -O2'
EXTRA_CPPFLAGS=' -DLINUX -D_REENTRANT -D_GNU_SOURCE'
EXTRA_CXXFLAGS=''
EXTRA_INCLUDES='-I$(top_builddir)/srclib/pcre -I. -I$(top_srcdir)/os/$(OS_DIR) -I$(top_srcdir)/server/mpm/$(MPM_SUBDIR_NAME) -I$(top_srcdir)/modules/http -I$(top_srcdir)/modules/filters -I$(top_srcdir)/modules/proxy -I$(top_srcdir)/include -I$(top_srcdir)/modules/generators -I$(top_srcdir)/modules/mappers -I$(top_srcdir)/modules/database -I/home/runner/work/apache-ultimate-bad-bot-blocker/apache-ultimate-bad-bot-blocker/zlib-1.2.12/httpd-2.2.25/srclib/apr/include -I/home/runner/work/apache-ultimate-bad-bot-blocker/apache-ultimate-bad-bot-blocker/zlib-1.2.12/httpd-2.2.25/srclib/apr-util/include -I/usr/local/include -I$(top_builddir)/server -I$(top_srcdir)/modules/proxy/../generators -I$(top_srcdir)/modules/ssl -I$(top_srcdir)/modules/dav/main'
EXTRA_LDFLAGS='  -L/usr/local/lib'
EXTRA_LIBS=' -lm'
GREP='/usr/bin/grep'
HTTPD_LDFLAGS='-export-dynamic'
HTTPD_VERSION='2.2.25'
INCLUDES=''
INSTALL='$(LIBTOOL) --mode=install $(abs_srcdir)/build/install.sh -c'
INSTALL_DSO='yes'
INSTALL_PROG_FLAGS=''
LDFLAGS=''
LIBOBJS=''
LIBS=''
LIBTOOL='/home/runner/work/apache-ultimate-bad-bot-blocker/apache-ultimate-bad-bot-blocker/zlib-1.2.12/httpd-2.2.25/srclib/apr/libtool $(LTFLAGS)'
LN_S='ln -s'
LTCFLAGS='-prefer-non-pic -static'
LTFLAGS='--silent'
LTLIBOBJS=''
LT_LDFLAGS=''
LYNX_PATH='lynx'
MKDEP='$(CC) -MM'
MKINSTALLDIRS='$(abs_srcdir)/build/mkdir.sh'
MK_IMPLIB=''
MODULE_CLEANDIRS=' arch/win32 cache echo experimental ldap ssl test dav/lock'
MODULE_DIRS=' aaa database debug filters loggers metadata proxy http dav/main generators dav/fs mappers'
MOD_ACTIONS_LDADD=''
MOD_ALIAS_LDADD=''
MOD_ASIS_LDADD=''
MOD_AUTHNZ_LDAP_LDADD=''
MOD_AUTHN_ALIAS_LDADD=''
MOD_AUTHN_ANON_LDADD=''
MOD_AUTHN_DBD_LDADD=''
MOD_AUTHN_DBM_LDADD=''
MOD_AUTHN_DEFAULT_LDADD=''
MOD_AUTHN_FILE_LDADD=''
MOD_AUTHZ_DBM_LDADD=''
MOD_AUTHZ_DEFAULT_LDADD=''
MOD_AUTHZ_GROUPFILE_LDADD=''
MOD_AUTHZ_HOST_LDADD=''
MOD_AUTHZ_OWNER_LDADD=''
MOD_AUTHZ_USER_LDADD=''
MOD_AUTH_BASIC_LDADD=''
MOD_AUTH_DIGEST_LDADD=''
MOD_AUTOINDEX_LDADD=''
MOD_BUCKETEER_LDADD=''
MOD_CACHE_LDADD=''
MOD_CASE_FILTER_IN_LDADD=''
MOD_CASE_FILTER_LDADD=''
MOD_CERN_META_LDADD=''
MOD_CGID_LDADD=''
MOD_CGI_LDADD=''
MOD_CHARSET_LITE_LDADD=''
MOD_DAV_FS_LDADD=''
MOD_DAV_LDADD=''
MOD_DAV_LOCK_LDADD=''
MOD_DBD_LDADD=''
MOD_DEFLATE_LDADD='-lz'
MOD_DIR_LDADD=''
MOD_DISK_CACHE_LDADD=''
MOD_DUMPIO_LDADD=''
MOD_ECHO_LDADD=''
MOD_ENV_LDADD=''
MOD_EXAMPLE_LDADD=''
MOD_EXPIRES_LDADD=''
MOD_EXT_FILTER_LDADD=''
MOD_FILE_CACHE_LDADD=''
MOD_FILTER_LDADD=''
MOD_HEADERS_LDADD=''
MOD_HTTP_LDADD=''
MOD_IDENT_LDADD=''
MOD_IMAGEMAP_LDADD=''
MOD_INCLUDE_LDADD=''
MOD_INFO_LDADD=''
MOD_ISAPI_LDADD=''
MOD_LDAP_LDADD=''
MOD_LOGIO_LDADD=''
MOD_LOG_CONFIG_LDADD=''
MOD_LOG_FORENSIC_LDADD=''
MOD_MEM_CACHE_LDADD=''
MOD_MIME_LDADD=''
MOD_MIME_MAGIC_LDADD=''
MOD_NEGOTIATION_LDADD=''
MOD_OPTIONAL_FN_EXPORT_LDADD=''
MOD_OPTIONAL_FN_IMPORT_LDADD=''
MOD_OPTIONAL_HOOK_EXPORT_LDADD=''
MOD_OPTIONAL_HOOK_IMPORT_LDADD=''
MOD_PROXY_AJP_LDADD=''
MOD_PROXY_BALANCER_LDADD=''
MOD_PROXY_CONNECT_LDADD=''
MOD_PROXY_FTP_LDADD=''
MOD_PROXY_HTTP_LDADD=''
MOD_PROXY_LDADD=''
MOD_PROXY_SCGI_LDADD=''
MOD_REQTIMEOUT_LDADD=''
MOD_REWRITE_LDADD=''
MOD_SETENVIF_LDADD=''
MOD_SO_LDADD=''
MOD_SPELING_LDADD=''
MOD_SSL_LDADD=''
MOD_STATUS_LDADD=''
MOD_SUBSTITUTE_LDADD=''
MOD_SUEXEC_LDADD=''
MOD_UNIQUE_ID_LDADD=''
MOD_USERDIR_LDADD=''
MOD_USERTRACK_LDADD=''
MOD_VERSION_LDADD=''
MOD_VHOST_ALIAS_LDADD=''
MPM_LIB='server/mpm/prefork/libprefork.la'
MPM_NAME='prefork'
MPM_SUBDIR_NAME='prefork'
NONPORTABLE_SUPPORT='checkgid'
NOTEST_CFLAGS=''
NOTEST_CPPFLAGS=''
NOTEST_CXXFLAGS=''
NOTEST_LDFLAGS=''
NOTEST_LIBS=''
OBJEXT='o'
OS='unix'
OS_DIR='unix'
OS_SPECIFIC_VARS=''
PACKAGE_BUGREPORT=''
PACKAGE_NAME=''
PACKAGE_STRING=''
PACKAGE_TARNAME=''
PACKAGE_URL=''
PACKAGE_VERSION=''
PATH_SEPARATOR=':'
PCRE_CONFIG='false'
PICFLAGS=''
PILDFLAGS=''
PKGCONFIG='/usr/bin/pkg-config'
PORT='80'
POST_SHARED_CMDS='echo ""'
PRE_SHARED_CMDS='echo ""'
RANLIB='ranlib'
RM='/usr/bin/rm'
RSYNC='/usr/bin/rsync'
SHELL='/bin/bash'
SHLIBPATH_VAR='LD_LIBRARY_PATH'
SHLTCFLAGS='-prefer-pic'
SH_LDFLAGS=''
SH_LIBS=''
SH_LIBTOOL='$(LIBTOOL)'
SSLPORT='443'
SSL_LIBS=''
UTIL_LDFLAGS=''
ab_LTFLAGS=''
abs_srcdir='/home/runner/work/apache-ultimate-bad-bot-blocker/apache-ultimate-bad-bot-blocker/zlib-1.2.12/httpd-2.2.25'
ac_ct_CC='gcc'
ap_make_delimiter=' '
ap_make_include='include'
bindir='${exec_prefix}/bin'
build='x86_64-unknown-linux-gnu'
build_alias=''
build_cpu='x86_64'
build_os='linux-gnu'
build_vendor='unknown'
cgidir='${datadir}/cgi-bin'
checkgid_LTFLAGS=''
datadir='${prefix}'
datarootdir='${prefix}/share'
docdir='${datarootdir}/doc/${PACKAGE}'
dvidir='${docdir}'
errordir='${datadir}/error'
exec_prefix='${prefix}'
exp_bindir='/usr/local/apache2/bin'
exp_cgidir='/usr/local/apache2/cgi-bin'
exp_datadir='/usr/local/apache2'
exp_errordir='/usr/local/apache2/error'
exp_exec_prefix='/usr/local/apache2'
exp_htdocsdir='/usr/local/apache2/htdocs'
exp_iconsdir='/usr/local/apache2/icons'
exp_includedir='/usr/local/apache2/include'
exp_installbuilddir='/usr/local/apache2/build'
exp_libdir='/usr/local/apache2/lib'
exp_libexecdir='/usr/local/apache2/modules'
exp_localstatedir='/usr/local/apache2'
exp_logfiledir='/usr/local/apache2/logs'
exp_mandir='/usr/local/apache2/man'
exp_manualdir='/usr/local/apache2/manual'
exp_proxycachedir='/usr/local/apache2/proxy'
exp_runtimedir='/usr/local/apache2/logs'
exp_sbindir='/usr/local/apache2/bin'
exp_sysconfdir='/usr/local/apache2/conf'
host='x86_64-unknown-linux-gnu'
host_alias=''
host_cpu='x86_64'
host_os='linux-gnu'
host_vendor='unknown'
htcacheclean_LTFLAGS=''
htdbm_LTFLAGS=''
htdigest_LTFLAGS=''
htdocsdir='${datadir}/htdocs'
htmldir='${docdir}'
htpasswd_LTFLAGS=''
httxt2dbm_LTFLAGS=''
iconsdir='${datadir}/icons'
includedir='${prefix}/include'
infodir='${datarootdir}/info'
installbuilddir='${datadir}/build'
libdir='${exec_prefix}/lib'
libexecdir='${exec_prefix}/modules'
localedir='${datarootdir}/locale'
localstatedir='${prefix}'
logfiledir='${localstatedir}/logs'
logresolve_LTFLAGS=''
mandir='${prefix}/man'
manualdir='${datadir}/manual'
nonssl_listen_stmt_1=''
nonssl_listen_stmt_2=''
oldincludedir='/usr/include'
other_targets=''
pdfdir='${docdir}'
perlbin='/usr/bin/perl'
prefix='/usr/local/apache2'
progname='httpd'
program_transform_name='s,x,x,'
proxycachedir='${localstatedir}/proxy'
psdir='${docdir}'
rel_bindir='bin'
rel_cgidir='cgi-bin'
rel_datadir=''
rel_errordir='error'
rel_exec_prefix=''
rel_htdocsdir='htdocs'
rel_iconsdir='icons'
rel_includedir='include'
rel_installbuilddir='build'
rel_libdir='lib'
rel_libexecdir='modules'
rel_localstatedir=''
rel_logfiledir='logs'
rel_mandir='man'
rel_manualdir='manual'
rel_proxycachedir='proxy'
rel_runtimedir='logs'
rel_sbindir='bin'
rel_sysconfdir='conf'
rotatelogs_LTFLAGS=''
runtimedir='${localstatedir}/logs'
sbindir='${exec_prefix}/bin'
shared_build='shared-build'
sharedstatedir='${prefix}/com'
sysconfdir='${prefix}/conf'
target='x86_64-unknown-linux-gnu'
target_alias=''
target_cpu='x86_64'
target_os='linux-gnu'
target_vendor='unknown'

## ----------- ##
## confdefs.h. ##
## ----------- ##

/* confdefs.h */
#define PACKAGE_NAME ""
#define PACKAGE_TARNAME ""
#define PACKAGE_VERSION ""
#define PACKAGE_STRING ""
#define PACKAGE_BUGREPORT ""
#define PACKAGE_URL ""
#define STDC_HEADERS 1
#define HAVE_SYS_TYPES_H 1
#define HAVE_SYS_STAT_H 1
#define HAVE_STDLIB_H 1
#define HAVE_STRING_H 1
#define HAVE_MEMORY_H 1
#define HAVE_STRINGS_H 1
#define HAVE_INTTYPES_H 1
#define HAVE_STDINT_H 1
#define HAVE_UNISTD_H 1
#define __EXTENSIONS__ 1
#define _ALL_SOURCE 1
#define _GNU_SOURCE 1
#define _POSIX_PTHREAD_SEMANTICS 1
#define _TANDEM_SOURCE 1
#define STDC_HEADERS 1
#define HAVE_STRING_H 1
#define HAVE_LIMITS_H 1
#define HAVE_UNISTD_H 1
#define HAVE_SYS_SOCKET_H 1
#define HAVE_PWD_H 1
#define HAVE_GRP_H 1
#define HAVE_STRINGS_H 1
#define HAVE_SYS_PRCTL_H 1
#define HAVE_SYS_SEM_H 1
#define HAVE_SYS_WAIT_H 1
#define HAVE_GETPWNAM 1
#define HAVE_GETGRNAM 1
#define HAVE_INITGROUPS 1
#define HAVE_PRCTL 1
#define HAVE_TIMEGM 1
#define HAVE_GETPGID 1
#define HAVE_GMTOFF 1
#define AP_ENABLE_V4_MAPPED 1
#define HAVE_SYS_TIMES_H 1
#define HAVE_TIMES 1
#define HAVE_SYS_TIME_H 1
#define HAVE_SYS_RESOURCE_H 1
#define HAVE_SYS_SEM_H 1
#define HAVE_SYS_IPC_H 1
#define HAVE_SETSID 1
#define HAVE_KILLPG 1
#define HAVE_UNISTD_H 1
#define HAVE_SYSLOG 1
#define HAVE_SYS_TIMES_H 1
#define HAVE_TIMES 1
#define AP_USING_AUTOCONF 1
#define SINGLE_LISTEN_UNSERIALIZED_ACCEPT 1
#define AP_NONBLOCK_WHEN_MULTI_LISTEN 1
#define HTTPD_ROOT "/usr/local/apache2"
#define SERVER_CONFIG_FILE "conf/httpd.conf"
#define AP_TYPES_CONFIG_FILE "conf/mime.types"
#define APACHE_MPM_DIR "server/mpm/prefork"

configure: exit 0
